2025-02-24 01:14:19.593 [info] [main] Log level: Info
2025-02-24 01:14:19.593 [info] [main] Validating found git in: "git"
2025-02-24 01:14:19.593 [info] [main] Using git "2.48.1" from "git"
2025-02-24 01:14:19.593 [info] [Model][doInitialScan] Initial repository scan started
2025-02-24 01:14:19.622 [info] > git rev-parse --show-toplevel [24ms]
2025-02-24 01:14:19.629 [info] > git rev-parse --git-dir --git-common-dir [2ms]
2025-02-24 01:14:19.653 [info] [Model][openRepository] Opened repository: /home/yusufmim/Development/code/se-prep/phase-0-completing-assignments-codegrade
2025-02-24 01:14:19.674 [info] > git rev-parse --show-toplevel [8ms]
2025-02-24 01:14:19.684 [info] > git config --get commit.template [21ms]
2025-02-24 01:14:19.685 [info] > git rev-parse --show-toplevel [4ms]
2025-02-24 01:14:19.692 [info] [Model][doInitialScan] Initial repository scan completed - repositories (1), closed repositories (0), parent repositories (0), unsafe repositories (0)
2025-02-24 01:14:19.757 [info] > git for-each-ref --format=%(refname)%00%(upstream:short)%00%(objectname)%00%(upstream:track)%00%(upstream:remotename)%00%(upstream:remoteref) refs/heads/main refs/remotes/main [84ms]
2025-02-24 01:14:19.764 [warning] [Git][revParse] Unable to read file: ENOENT: no such file or directory, open '/home/yusufmim/Development/code/se-prep/phase-0-completing-assignments-codegrade/.git/refs/remotes/origin/main'
2025-02-24 01:14:19.776 [info] > git rev-parse refs/remotes/origin/main [13ms]
2025-02-24 01:14:19.800 [info] > git for-each-ref --sort -committerdate --format %(refname) %(objectname) %(*objectname) [18ms]
2025-02-24 01:14:19.808 [info] > git status -z -uall [29ms]
2025-02-24 01:14:19.887 [info] > git for-each-ref --format=%(refname)%00%(upstream:short)%00%(objectname)%00%(upstream:track)%00%(upstream:remotename)%00%(upstream:remoteref) refs/heads/main refs/remotes/main [11ms]
2025-02-24 01:14:19.897 [info] > git config --get commit.template [11ms]
2025-02-24 01:14:19.900 [info] > git config --get --local branch.main.vscode-merge-base [6ms]
2025-02-24 01:14:19.900 [warning] [Git][config] git config failed: Failed to execute git
2025-02-24 01:14:19.926 [info] > git for-each-ref --format=%(refname)%00%(upstream:short)%00%(objectname)%00%(upstream:track)%00%(upstream:remotename)%00%(upstream:remoteref) refs/heads/main refs/remotes/main [2ms]
2025-02-24 01:14:19.929 [warning] [Git][revParse] Unable to read file: ENOENT: no such file or directory, open '/home/yusufmim/Development/code/se-prep/phase-0-completing-assignments-codegrade/.git/refs/remotes/origin/main'
2025-02-24 01:14:19.930 [info] > git reflog main --grep-reflog=branch: Created from *. [13ms]
2025-02-24 01:14:19.935 [info] > git rev-parse refs/remotes/origin/main [6ms]
2025-02-24 01:14:19.944 [info] > git status -z -uall [5ms]
2025-02-24 01:14:19.946 [info] > git for-each-ref --sort -committerdate --format %(refname) %(objectname) %(*objectname) [2ms]
2025-02-24 01:14:19.957 [info] > git for-each-ref --format=%(refname)%00%(upstream:short)%00%(objectname)%00%(upstream:track)%00%(upstream:remotename)%00%(upstream:remoteref) refs/heads/main refs/remotes/main [4ms]
2025-02-24 01:14:19.962 [info] > git symbolic-ref --short refs/remotes/origin/HEAD [28ms]
2025-02-24 01:14:19.971 [info] > git config --get --local branch.main.vscode-merge-base [9ms]
2025-02-24 01:14:19.972 [warning] [Git][config] git config failed: Failed to execute git
2025-02-24 01:14:19.980 [info] > git for-each-ref --format=%(refname)%00%(upstream:short)%00%(objectname)%00%(upstream:track)%00%(upstream:remotename)%00%(upstream:remoteref) refs/heads/origin/main refs/remotes/origin/main [11ms]
2025-02-24 01:14:19.987 [info] > git reflog main --grep-reflog=branch: Created from *. [9ms]
2025-02-24 01:14:19.997 [info] > git symbolic-ref --short refs/remotes/origin/HEAD [2ms]
2025-02-24 01:14:20.004 [info] > git for-each-ref --format=%(refname)%00%(upstream:short)%00%(objectname)%00%(upstream:track)%00%(upstream:remotename)%00%(upstream:remoteref) refs/heads/origin/main refs/remotes/origin/main [2ms]
2025-02-24 01:14:20.012 [info] > git config --add --local branch.main.vscode-merge-base origin/main [27ms]
2025-02-24 01:14:20.022 [info] > git config --add --local branch.main.vscode-merge-base origin/main [11ms]
2025-02-24 01:14:20.025 [info] > git config --get commit.template [4ms]
2025-02-24 01:14:20.043 [info] > git config --get commit.template [13ms]
2025-02-24 01:14:20.044 [info] > git for-each-ref --format=%(refname)%00%(upstream:short)%00%(objectname)%00%(upstream:track)%00%(upstream:remotename)%00%(upstream:remoteref) refs/heads/main refs/remotes/main [7ms]
2025-02-24 01:14:20.045 [info] > git for-each-ref --format=%(refname)%00%(upstream:short)%00%(objectname)%00%(upstream:track)%00%(upstream:remotename)%00%(upstream:remoteref) refs/heads/main refs/remotes/main [2ms]
2025-02-24 01:14:20.050 [warning] [Git][revParse] Unable to read file: ENOENT: no such file or directory, open '/home/yusufmim/Development/code/se-prep/phase-0-completing-assignments-codegrade/.git/refs/remotes/origin/main'
2025-02-24 01:14:20.055 [warning] [Git][revParse] Unable to read file: ENOENT: no such file or directory, open '/home/yusufmim/Development/code/se-prep/phase-0-completing-assignments-codegrade/.git/refs/remotes/origin/main'
2025-02-24 01:14:20.056 [info] > git rev-parse refs/remotes/origin/main [6ms]
2025-02-24 01:14:20.072 [info] > git for-each-ref --format=%(refname)%00%(upstream:short)%00%(objectname)%00%(upstream:track)%00%(upstream:remotename)%00%(upstream:remoteref) refs/heads/main refs/remotes/main [7ms]
2025-02-24 01:14:20.077 [info] > git rev-parse refs/remotes/origin/main [22ms]
2025-02-24 01:14:20.089 [info] > git status -z -uall [8ms]
2025-02-24 01:14:20.090 [info] > git config --get --local branch.main.vscode-merge-base [13ms]
2025-02-24 01:14:20.094 [info] > git merge-base refs/heads/main refs/remotes/origin/main [24ms]
2025-02-24 01:14:20.101 [info] > git for-each-ref --format=%(refname)%00%(upstream:short)%00%(objectname)%00%(upstream:track)%00%(upstream:remotename)%00%(upstream:remoteref) refs/heads/origin/main refs/remotes/origin/main [7ms]
2025-02-24 01:14:20.107 [info] > git for-each-ref --sort -committerdate --format %(refname) %(objectname) %(*objectname) [22ms]
2025-02-24 01:14:20.123 [info] > git merge-base refs/heads/main refs/remotes/origin/main [8ms]
2025-02-24 01:14:20.128 [info] > git merge-base refs/heads/main refs/remotes/origin/main [21ms]
2025-02-24 01:14:20.133 [info] > git diff --name-status -z --diff-filter=ADMR a2ef352ab7fd8ca0811f0d4411502a3b5d1d0d26...refs/remotes/origin/main [33ms]
2025-02-24 01:14:20.136 [info] > git diff --name-status -z --diff-filter=ADMR a2ef352ab7fd8ca0811f0d4411502a3b5d1d0d26...refs/remotes/origin/main [4ms]
2025-02-24 01:14:20.137 [info] > git diff --name-status -z --diff-filter=ADMR a2ef352ab7fd8ca0811f0d4411502a3b5d1d0d26...refs/remotes/origin/main [10ms]
2025-02-24 01:14:20.138 [info] > git merge-base refs/heads/main refs/remotes/origin/main [17ms]
2025-02-24 01:14:20.151 [info] > git diff --name-status -z --diff-filter=ADMR a2ef352ab7fd8ca0811f0d4411502a3b5d1d0d26...refs/remotes/origin/main [9ms]
2025-02-24 01:14:20.272 [info] > git check-ignore -v -z --stdin [3ms]
2025-02-24 01:18:46.568 [info] > git check-ignore -v -z --stdin [1ms]
2025-02-24 01:18:51.466 [info] > git config --get commit.template [13ms]
2025-02-24 01:18:51.467 [info] > git for-each-ref --format=%(refname)%00%(upstream:short)%00%(objectname)%00%(upstream:track)%00%(upstream:remotename)%00%(upstream:remoteref) refs/heads/main refs/remotes/main [5ms]
2025-02-24 01:18:51.478 [warning] [Git][revParse] Unable to read file: ENOENT: no such file or directory, open '/home/yusufmim/Development/code/se-prep/phase-0-completing-assignments-codegrade/.git/refs/remotes/origin/main'
2025-02-24 01:18:51.481 [info] > git rev-parse refs/remotes/origin/main [3ms]
2025-02-24 01:18:51.499 [info] > git status -z -uall [10ms]
2025-02-24 01:18:51.503 [info] > git for-each-ref --sort -committerdate --format %(refname) %(objectname) %(*objectname) [6ms]
2025-02-24 01:19:43.689 [info] > git check-ignore -v -z --stdin [4ms]
2025-02-24 01:19:43.762 [info] > git config --get commit.template [12ms]
2025-02-24 01:19:43.765 [info] > git for-each-ref --format=%(refname)%00%(upstream:short)%00%(objectname)%00%(upstream:track)%00%(upstream:remotename)%00%(upstream:remoteref) refs/heads/main refs/remotes/main [6ms]
2025-02-24 01:19:43.772 [warning] [Git][revParse] Unable to read file: ENOENT: no such file or directory, open '/home/yusufmim/Development/code/se-prep/phase-0-completing-assignments-codegrade/.git/refs/remotes/origin/main'
2025-02-24 01:19:43.776 [info] > git rev-parse refs/remotes/origin/main [3ms]
2025-02-24 01:19:43.786 [info] > git status -z -uall [6ms]
2025-02-24 01:19:43.787 [info] > git for-each-ref --sort -committerdate --format %(refname) %(objectname) %(*objectname) [2ms]
2025-02-24 01:22:22.380 [info] > git config --get commit.template [3ms]
2025-02-24 01:22:22.386 [info] > git for-each-ref --format=%(refname)%00%(upstream:short)%00%(objectname)%00%(upstream:track)%00%(upstream:remotename)%00%(upstream:remoteref) refs/heads/main refs/remotes/main [3ms]
2025-02-24 01:22:22.390 [warning] [Git][revParse] Unable to read file: ENOENT: no such file or directory, open '/home/yusufmim/Development/code/se-prep/phase-0-completing-assignments-codegrade/.git/refs/remotes/origin/main'
2025-02-24 01:22:22.392 [info] > git rev-parse refs/remotes/origin/main [2ms]
2025-02-24 01:22:22.401 [info] > git status -z -uall [5ms]
2025-02-24 01:22:22.403 [info] > git for-each-ref --sort -committerdate --format %(refname) %(objectname) %(*objectname) [3ms]
2025-02-24 01:22:29.579 [info] > git check-ignore -v -z --stdin [4ms]
2025-02-24 01:23:14.658 [info] > git config --get commit.template [3ms]
2025-02-24 01:23:14.660 [info] > git for-each-ref --format=%(refname)%00%(upstream:short)%00%(objectname)%00%(upstream:track)%00%(upstream:remotename)%00%(upstream:remoteref) refs/heads/main refs/remotes/main [1ms]
2025-02-24 01:23:14.663 [warning] [Git][revParse] Unable to read file: ENOENT: no such file or directory, open '/home/yusufmim/Development/code/se-prep/phase-0-completing-assignments-codegrade/.git/refs/remotes/origin/main'
2025-02-24 01:23:14.664 [info] > git rev-parse refs/remotes/origin/main [1ms]
2025-02-24 01:23:14.676 [info] > git status -z -uall [8ms]
2025-02-24 01:23:14.677 [info] > git for-each-ref --sort -committerdate --format %(refname) %(objectname) %(*objectname) [5ms]
2025-02-24 01:25:59.922 [info] > git config --get commit.template [1ms]
2025-02-24 01:25:59.926 [info] > git for-each-ref --format=%(refname)%00%(upstream:short)%00%(objectname)%00%(upstream:track)%00%(upstream:remotename)%00%(upstream:remoteref) refs/heads/main refs/remotes/main [1ms]
2025-02-24 01:25:59.929 [warning] [Git][revParse] Unable to read file: ENOENT: no such file or directory, open '/home/yusufmim/Development/code/se-prep/phase-0-completing-assignments-codegrade/.git/refs/remotes/origin/main'
2025-02-24 01:25:59.930 [info] > git rev-parse refs/remotes/origin/main [1ms]
2025-02-24 01:25:59.935 [info] > git status -z -uall [3ms]
2025-02-24 01:25:59.937 [info] > git for-each-ref --sort -committerdate --format %(refname) %(objectname) %(*objectname) [2ms]
2025-02-24 01:26:00.871 [info] > git config --get commit.template [10ms]
2025-02-24 01:26:00.873 [info] > git for-each-ref --format=%(refname)%00%(upstream:short)%00%(objectname)%00%(upstream:track)%00%(upstream:remotename)%00%(upstream:remoteref) refs/heads/main refs/remotes/main [4ms]
2025-02-24 01:26:00.881 [warning] [Git][revParse] Unable to read file: ENOENT: no such file or directory, open '/home/yusufmim/Development/code/se-prep/phase-0-completing-assignments-codegrade/.git/refs/remotes/origin/main'
2025-02-24 01:26:00.883 [info] > git rev-parse refs/remotes/origin/main [2ms]
2025-02-24 01:26:00.894 [info] > git status -z -uall [6ms]
2025-02-24 01:26:00.895 [info] > git for-each-ref --sort -committerdate --format %(refname) %(objectname) %(*objectname) [2ms]
2025-02-24 01:30:01.190 [info] > git config --get commit.template [4ms]
2025-02-24 01:30:01.191 [info] > git for-each-ref --format=%(refname)%00%(upstream:short)%00%(objectname)%00%(upstream:track)%00%(upstream:remotename)%00%(upstream:remoteref) refs/heads/main refs/remotes/main [1ms]
2025-02-24 01:30:01.193 [warning] [Git][revParse] Unable to read file: ENOENT: no such file or directory, open '/home/yusufmim/Development/code/se-prep/phase-0-completing-assignments-codegrade/.git/refs/remotes/origin/main'
2025-02-24 01:30:01.194 [info] > git rev-parse refs/remotes/origin/main [0ms]
2025-02-24 01:30:01.198 [info] > git status -z -uall [3ms]
2025-02-24 01:30:01.199 [info] > git for-each-ref --sort -committerdate --format %(refname) %(objectname) %(*objectname) [1ms]
2025-02-24 01:30:01.207 [info] > git merge-base refs/heads/main refs/remotes/origin/main [2ms]
2025-02-24 01:30:01.211 [info] > git diff --name-status -z --diff-filter=ADMR a2ef352ab7fd8ca0811f0d4411502a3b5d1d0d26...refs/remotes/origin/main [1ms]
2025-02-24 01:30:02.126 [info] > git config --get commit.template [9ms]
2025-02-24 01:30:02.129 [info] > git for-each-ref --format=%(refname)%00%(upstream:short)%00%(objectname)%00%(upstream:track)%00%(upstream:remotename)%00%(upstream:remoteref) refs/heads/main refs/remotes/main [3ms]
2025-02-24 01:30:02.135 [warning] [Git][revParse] Unable to read file: ENOENT: no such file or directory, open '/home/yusufmim/Development/code/se-prep/phase-0-completing-assignments-codegrade/.git/refs/remotes/origin/main'
2025-02-24 01:30:02.138 [info] > git rev-parse refs/remotes/origin/main [2ms]
2025-02-24 01:30:02.151 [info] > git status -z -uall [7ms]
2025-02-24 01:30:02.154 [info] > git for-each-ref --sort -committerdate --format %(refname) %(objectname) %(*objectname) [4ms]
2025-02-24 01:32:25.637 [info] > git config --get commit.template [20ms]
2025-02-24 01:32:25.637 [info] > git for-each-ref --format=%(refname)%00%(upstream:short)%00%(objectname)%00%(upstream:track)%00%(upstream:remotename)%00%(upstream:remoteref) refs/heads/main refs/remotes/main [18ms]
2025-02-24 01:32:25.651 [info] > git status -z -uall [8ms]
2025-02-24 01:32:25.651 [info] > git for-each-ref --sort -committerdate --format %(refname) %(objectname) %(*objectname) [3ms]
2025-02-24 01:32:25.684 [info] > git merge-base refs/heads/main refs/remotes/origin/main [22ms]
2025-02-24 01:32:25.691 [info] > git diff --name-status -z --diff-filter=ADMR 4bb23c7633918934dfbf8b9f770d68480b1198fe...refs/remotes/origin/main [3ms]
2025-02-24 01:32:26.590 [info] > git config --get commit.template [8ms]
2025-02-24 01:32:26.593 [info] > git for-each-ref --format=%(refname)%00%(upstream:short)%00%(objectname)%00%(upstream:track)%00%(upstream:remotename)%00%(upstream:remoteref) refs/heads/main refs/remotes/main [4ms]
2025-02-24 01:32:26.609 [info] > git status -z -uall [8ms]
2025-02-24 01:32:26.613 [info] > git for-each-ref --sort -committerdate --format %(refname) %(objectname) %(*objectname) [4ms]
2025-02-24 01:46:37.774 [info] > git config --get commit.template [6ms]
2025-02-24 01:46:37.775 [info] > git for-each-ref --format=%(refname)%00%(upstream:short)%00%(objectname)%00%(upstream:track)%00%(upstream:remotename)%00%(upstream:remoteref) refs/heads/main refs/remotes/main [2ms]
2025-02-24 01:46:37.782 [info] > git status -z -uall [3ms]
2025-02-24 01:46:37.784 [info] > git for-each-ref --sort -committerdate --format %(refname) %(objectname) %(*objectname) [2ms]
2025-02-24 01:51:56.635 [info] > git check-ignore -v -z --stdin [2ms]
2025-02-24 01:51:56.663 [info] > git config --get commit.template [5ms]
2025-02-24 01:51:56.664 [info] > git for-each-ref --format=%(refname)%00%(upstream:short)%00%(objectname)%00%(upstream:track)%00%(upstream:remotename)%00%(upstream:remoteref) refs/heads/main refs/remotes/main [2ms]
2025-02-24 01:51:56.673 [info] > git status -z -uall [4ms]
2025-02-24 01:51:56.674 [info] > git for-each-ref --sort -committerdate --format %(refname) %(objectname) %(*objectname) [2ms]
2025-02-24 01:54:00.483 [info] > git ls-files --stage -- /home/yusufmim/Development/code/se-prep/phase-0-completing-assignments-codegrade/README.md [2ms]
2025-02-24 01:54:00.487 [info] > git show --textconv :README.md [12ms]
2025-02-24 01:54:00.491 [info] > git cat-file -s c2b8217c7604b6d232f0d8b6a2344b20971da139 [4ms]
2025-02-24 01:55:28.825 [info] > git config --get commit.template [28ms]
2025-02-24 01:55:28.838 [info] > git for-each-ref --format=%(refname)%00%(upstream:short)%00%(objectname)%00%(upstream:track)%00%(upstream:remotename)%00%(upstream:remoteref) refs/heads/main refs/remotes/main [32ms]
2025-02-24 01:55:28.870 [info] > git for-each-ref --sort -committerdate --format %(refname) %(objectname) %(*objectname) [18ms]
2025-02-24 01:55:28.878 [info] > git status -z -uall [32ms]
2025-02-24 02:02:07.708 [info] > git config --get commit.template [30ms]
2025-02-24 02:02:07.720 [info] > git for-each-ref --format=%(refname)%00%(upstream:short)%00%(objectname)%00%(upstream:track)%00%(upstream:remotename)%00%(upstream:remoteref) refs/heads/main refs/remotes/main [30ms]
2025-02-24 02:02:07.751 [info] > git for-each-ref --sort -committerdate --format %(refname) %(objectname) %(*objectname) [19ms]
2025-02-24 02:02:07.759 [info] > git status -z -uall [32ms]
2025-02-24 02:02:22.307 [info] > git config --get commit.template [12ms]
2025-02-24 02:02:22.308 [info] > git for-each-ref --format=%(refname)%00%(upstream:short)%00%(objectname)%00%(upstream:track)%00%(upstream:remotename)%00%(upstream:remoteref) refs/heads/main refs/remotes/main [3ms]
2025-02-24 02:02:22.318 [info] > git status -z -uall [4ms]
2025-02-24 02:02:22.320 [info] > git for-each-ref --sort -committerdate --format %(refname) %(objectname) %(*objectname) [1ms]
2025-02-24 02:03:26.850 [info] > git config --get commit.template [13ms]
2025-02-24 02:03:26.855 [info] > git for-each-ref --format=%(refname)%00%(upstream:short)%00%(objectname)%00%(upstream:track)%00%(upstream:remotename)%00%(upstream:remoteref) refs/heads/main refs/remotes/main [14ms]
2025-02-24 02:03:26.863 [info] > git for-each-ref --sort -committerdate --format %(refname) %(objectname) %(*objectname) [3ms]
2025-02-24 02:03:26.866 [info] > git status -z -uall [8ms]
2025-02-24 02:03:47.565 [info] > git config --get commit.template [4ms]
2025-02-24 02:03:47.566 [info] > git for-each-ref --format=%(refname)%00%(upstream:short)%00%(objectname)%00%(upstream:track)%00%(upstream:remotename)%00%(upstream:remoteref) refs/heads/main refs/remotes/main [1ms]
2025-02-24 02:03:47.573 [info] > git status -z -uall [3ms]
2025-02-24 02:03:47.574 [info] > git for-each-ref --sort -committerdate --format %(refname) %(objectname) %(*objectname) [2ms]
