2025-02-24 09:09:58.578 [info] [main] Log level: Info
2025-02-24 09:09:58.578 [info] [main] Validating found git in: "git"
2025-02-24 09:09:58.578 [info] [main] Using git "2.48.1" from "git"
2025-02-24 09:09:58.578 [info] [Model][doInitialScan] Initial repository scan started
2025-02-24 09:09:58.599 [info] > git rev-parse --show-toplevel [27ms]
2025-02-24 09:09:58.604 [info] > git rev-parse --git-dir --git-common-dir [1ms]
2025-02-24 09:09:58.615 [info] [Model][openRepository] Opened repository: /home/yusufmim
2025-02-24 09:09:58.626 [info] > git rev-parse --show-toplevel [4ms]
2025-02-24 09:09:58.632 [info] > git rev-parse --show-toplevel [1ms]
2025-02-24 09:09:58.636 [info] > git rev-parse --show-toplevel [1ms]
2025-02-24 09:09:58.667 [info] > git for-each-ref --format=%(refname)%00%(upstream:short)%00%(objectname)%00%(upstream:track)%00%(upstream:remotename)%00%(upstream:remoteref) refs/heads/master refs/remotes/master [42ms]
2025-02-24 09:09:58.667 [warning] [Git][getBranch] No such branch: master
2025-02-24 09:09:58.668 [info] > git rev-parse --show-toplevel [29ms]
2025-02-24 09:09:58.668 [info] > git config --get commit.template [48ms]
2025-02-24 09:09:58.690 [info] > git for-each-ref --sort -committerdate --format %(refname) %(objectname) %(*objectname) [16ms]
2025-02-24 09:09:58.691 [info] > git rev-parse --git-dir --git-common-dir [2ms]
2025-02-24 09:09:58.699 [info] [Model][openRepository] Opened repository: /home/yusufmim/.nvm
2025-02-24 09:09:58.708 [info] > git config --get commit.template [4ms]
2025-02-24 09:09:58.728 [info] > git rev-parse --show-toplevel [22ms]
2025-02-24 09:09:58.735 [info] > git status -z -uall [64ms]
2025-02-24 09:09:58.735 [info] > git rev-parse --git-dir --git-common-dir [5ms]
2025-02-24 09:09:58.740 [info] [Model][openRepository] Opened repository: /home/yusufmim/.pyenv
2025-02-24 09:09:58.741 [info] > git for-each-ref --format %(refname) %(objectname) %(*objectname) refs/tags [30ms]
2025-02-24 09:09:58.817 [info] > git status -z -uall [73ms]
2025-02-24 09:09:58.817 [info] > git for-each-ref --format=%(refname)%00%(upstream:short)%00%(objectname)%00%(upstream:track)%00%(upstream:remotename)%00%(upstream:remoteref) refs/heads/master refs/remotes/master [15ms]
2025-02-24 09:09:58.817 [warning] [Git][getBranch] No such branch: master
2025-02-24 09:09:58.818 [error] [GitHistoryProvider][resolveHEADMergeBase] Failed to resolve merge base for master: Error: No such branch: master.
2025-02-24 09:09:58.819 [info] > git for-each-ref --sort -committerdate --format %(refname) %(objectname) %(*objectname) [72ms]
2025-02-24 09:09:59.220 [info] > git config --get commit.template [406ms]
2025-02-24 09:09:59.221 [info] > git rev-parse --show-toplevel [410ms]
2025-02-24 09:09:59.221 [info] > git config --get commit.template [413ms]
2025-02-24 09:09:59.233 [info] > git config --get commit.template [22ms]
2025-02-24 09:09:59.250 [info] > git for-each-ref --format=%(refname)%00%(upstream:short)%00%(objectname)%00%(upstream:track)%00%(upstream:remotename)%00%(upstream:remoteref) refs/heads/master refs/remotes/master [5ms]
2025-02-24 09:09:59.250 [warning] [Git][getBranch] No such branch: master
2025-02-24 09:09:59.257 [info] > git rev-parse --show-toplevel [23ms]
2025-02-24 09:09:59.262 [info] > git for-each-ref --sort -committerdate --format %(refname) %(objectname) %(*objectname) [5ms]
2025-02-24 09:09:59.262 [info] > git for-each-ref --format %(refname) %(objectname) %(*objectname) refs/tags [13ms]
2025-02-24 09:09:59.270 [info] > git rev-parse --show-toplevel [10ms]
2025-02-24 09:09:59.270 [info] > git for-each-ref --format=%(refname)%00%(upstream:short)%00%(objectname)%00%(upstream:track)%00%(upstream:remotename)%00%(upstream:remoteref) refs/heads/master refs/remotes/master [33ms]
2025-02-24 09:09:59.275 [info] > git for-each-ref --sort -committerdate --format %(refname) %(objectname) %(*objectname) [7ms]
2025-02-24 09:09:59.294 [warning] [Git][revParse] Unable to read file: ENOENT: no such file or directory, open '/home/yusufmim/.pyenv/.git/refs/remotes/origin/master'
2025-02-24 09:09:59.295 [info] > git rev-parse --show-toplevel [21ms]
2025-02-24 09:09:59.300 [info] [Model][doInitialScan] Initial repository scan completed - repositories (3), closed repositories (0), parent repositories (0), unsafe repositories (0)
2025-02-24 09:09:59.307 [info] > git status -z -uall [54ms]
2025-02-24 09:09:59.307 [info] > git status -z -uall [42ms]
2025-02-24 09:09:59.307 [info] > git rev-parse refs/remotes/origin/master [13ms]
2025-02-24 09:09:59.326 [info] > git check-ignore -v -z --stdin [6ms]
2025-02-24 09:09:59.327 [info] > git check-ignore -v -z --stdin [3ms]
2025-02-24 09:09:59.355 [info] > git check-ignore -v -z --stdin [33ms]
2025-02-24 09:09:59.356 [info] > git for-each-ref --sort -committerdate --format %(refname) %(objectname) %(*objectname) [43ms]
2025-02-24 09:09:59.782 [info] > git status -z -uall [472ms]
2025-02-24 09:09:59.796 [info] > git for-each-ref --format=%(refname)%00%(upstream:short)%00%(objectname)%00%(upstream:track)%00%(upstream:remotename)%00%(upstream:remoteref) refs/heads/master refs/remotes/master [8ms]
2025-02-24 09:09:59.807 [info] > git config --get --local branch.master.vscode-merge-base [3ms]
2025-02-24 09:09:59.807 [warning] [Git][config] git config failed: Failed to execute git
2025-02-24 09:09:59.811 [info] > git config --get commit.template [15ms]
2025-02-24 09:09:59.815 [info] > git for-each-ref --format=%(refname)%00%(upstream:short)%00%(objectname)%00%(upstream:track)%00%(upstream:remotename)%00%(upstream:remoteref) refs/heads/master refs/remotes/master [1ms]
2025-02-24 09:09:59.818 [warning] [Git][revParse] Unable to read file: ENOENT: no such file or directory, open '/home/yusufmim/.pyenv/.git/refs/remotes/origin/master'
2025-02-24 09:09:59.819 [info] > git reflog master --grep-reflog=branch: Created from *. [8ms]
2025-02-24 09:09:59.821 [info] > git rev-parse refs/remotes/origin/master [3ms]
2025-02-24 09:09:59.828 [info] > git symbolic-ref --short refs/remotes/origin/HEAD [6ms]
2025-02-24 09:09:59.830 [info] > git for-each-ref --sort -committerdate --format %(refname) %(objectname) %(*objectname) [3ms]
2025-02-24 09:09:59.831 [info] > git for-each-ref --format=%(refname)%00%(upstream:short)%00%(objectname)%00%(upstream:track)%00%(upstream:remotename)%00%(upstream:remoteref) refs/heads/origin/master refs/remotes/origin/master [1ms]
2025-02-24 09:09:59.837 [info] > git config --add --local branch.master.vscode-merge-base origin/master [2ms]
2025-02-24 09:09:59.845 [info] > git status -z -uall [21ms] (cancelled)
2025-02-24 09:09:59.845 [info] > git for-each-ref --format=%(refname)%00%(upstream:short)%00%(objectname)%00%(upstream:track)%00%(upstream:remotename)%00%(upstream:remoteref) refs/heads/master refs/remotes/master [4ms]
2025-02-24 09:09:59.849 [info] > git config --get commit.template [5ms]
2025-02-24 09:09:59.852 [info] > git config --get --local branch.master.vscode-merge-base [4ms]
2025-02-24 09:09:59.855 [info] > git for-each-ref --format=%(refname)%00%(upstream:short)%00%(objectname)%00%(upstream:track)%00%(upstream:remotename)%00%(upstream:remoteref) refs/heads/master refs/remotes/master [3ms]
2025-02-24 09:09:59.856 [info] > git for-each-ref --format=%(refname)%00%(upstream:short)%00%(objectname)%00%(upstream:track)%00%(upstream:remotename)%00%(upstream:remoteref) refs/heads/origin/master refs/remotes/origin/master [1ms]
2025-02-24 09:09:59.861 [warning] [Git][revParse] Unable to read file: ENOENT: no such file or directory, open '/home/yusufmim/.pyenv/.git/refs/remotes/origin/master'
2025-02-24 09:09:59.862 [info] > git merge-base refs/heads/master refs/remotes/origin/master [3ms]
2025-02-24 09:09:59.865 [info] > git rev-parse refs/remotes/origin/master [4ms]
2025-02-24 09:09:59.871 [info] > git diff --name-status -z --diff-filter=ADMR 47eef10ce172125f2c8761f08f1efa2385042897...refs/remotes/origin/master [6ms]
2025-02-24 09:09:59.872 [info] > git for-each-ref --sort -committerdate --format %(refname) %(objectname) %(*objectname) [2ms]
2025-02-24 09:09:59.898 [info] > git status -z -uall [30ms]
2025-02-24 09:10:00.975 [info] > git config --get commit.template [11ms]
2025-02-24 09:10:00.978 [info] > git for-each-ref --format=%(refname)%00%(upstream:short)%00%(objectname)%00%(upstream:track)%00%(upstream:remotename)%00%(upstream:remoteref) refs/heads/master refs/remotes/master [5ms]
2025-02-24 09:10:00.982 [warning] [Git][revParse] Unable to read file: ENOENT: no such file or directory, open '/home/yusufmim/.pyenv/.git/refs/remotes/origin/master'
2025-02-24 09:10:00.984 [info] > git rev-parse refs/remotes/origin/master [2ms]
2025-02-24 09:10:00.994 [info] > git for-each-ref --sort -committerdate --format %(refname) %(objectname) %(*objectname) [2ms]
2025-02-24 09:10:01.017 [info] > git status -z -uall [29ms]
2025-02-24 09:38:25.518 [info] > git config --get commit.template [13ms]
2025-02-24 09:38:25.519 [info] > git for-each-ref --format=%(refname)%00%(upstream:short)%00%(objectname)%00%(upstream:track)%00%(upstream:remotename)%00%(upstream:remoteref) refs/heads/master refs/remotes/master [9ms]
2025-02-24 09:38:25.519 [warning] [Git][getBranch] No such branch: master
2025-02-24 09:38:25.526 [info] > git for-each-ref --sort -committerdate --format %(refname) %(objectname) %(*objectname) [1ms]
2025-02-24 09:38:25.865 [info] > git status -z -uall [344ms]
2025-02-24 09:38:39.551 [info] > git config --get commit.template [7ms]
2025-02-24 09:38:39.552 [info] > git for-each-ref --format=%(refname)%00%(upstream:short)%00%(objectname)%00%(upstream:track)%00%(upstream:remotename)%00%(upstream:remoteref) refs/heads/master refs/remotes/master [1ms]
2025-02-24 09:38:39.552 [warning] [Git][getBranch] No such branch: master
2025-02-24 09:38:39.560 [info] > git for-each-ref --sort -committerdate --format %(refname) %(objectname) %(*objectname) [2ms]
2025-02-24 09:38:39.572 [info] > git status -z -uall [17ms]
2025-02-24 09:38:44.611 [info] > git config --get commit.template [6ms]
2025-02-24 09:38:44.611 [info] > git for-each-ref --format=%(refname)%00%(upstream:short)%00%(objectname)%00%(upstream:track)%00%(upstream:remotename)%00%(upstream:remoteref) refs/heads/master refs/remotes/master [2ms]
2025-02-24 09:38:44.611 [warning] [Git][getBranch] No such branch: master
2025-02-24 09:38:44.617 [info] > git for-each-ref --sort -committerdate --format %(refname) %(objectname) %(*objectname) [1ms]
2025-02-24 09:38:44.630 [info] > git status -z -uall [17ms]
2025-02-24 09:38:49.660 [info] > git config --get commit.template [4ms]
2025-02-24 09:38:49.661 [info] > git for-each-ref --format=%(refname)%00%(upstream:short)%00%(objectname)%00%(upstream:track)%00%(upstream:remotename)%00%(upstream:remoteref) refs/heads/master refs/remotes/master [2ms]
2025-02-24 09:38:49.661 [warning] [Git][getBranch] No such branch: master
2025-02-24 09:38:49.668 [info] > git for-each-ref --sort -committerdate --format %(refname) %(objectname) %(*objectname) [1ms]
2025-02-24 09:38:49.679 [info] > git status -z -uall [15ms]
2025-02-24 09:38:57.635 [info] > git config --get commit.template [4ms]
2025-02-24 09:38:57.635 [info] > git for-each-ref --format=%(refname)%00%(upstream:short)%00%(objectname)%00%(upstream:track)%00%(upstream:remotename)%00%(upstream:remoteref) refs/heads/master refs/remotes/master [1ms]
2025-02-24 09:38:57.635 [warning] [Git][getBranch] No such branch: master
2025-02-24 09:38:57.640 [info] > git for-each-ref --sort -committerdate --format %(refname) %(objectname) %(*objectname) [1ms]
2025-02-24 09:38:57.651 [info] > git status -z -uall [14ms]
2025-02-24 09:39:02.672 [info] > git config --get commit.template [2ms]
2025-02-24 09:39:02.676 [info] > git for-each-ref --format=%(refname)%00%(upstream:short)%00%(objectname)%00%(upstream:track)%00%(upstream:remotename)%00%(upstream:remoteref) refs/heads/master refs/remotes/master [1ms]
2025-02-24 09:39:02.677 [warning] [Git][getBranch] No such branch: master
2025-02-24 09:39:02.685 [info] > git for-each-ref --sort -committerdate --format %(refname) %(objectname) %(*objectname) [1ms]
2025-02-24 09:39:02.697 [info] > git status -z -uall [18ms]
2025-02-24 09:39:03.229 [info] > git check-ignore -v -z --stdin [1ms]
2025-02-24 09:39:07.733 [info] > git config --get commit.template [5ms]
2025-02-24 09:39:07.733 [info] > git for-each-ref --format=%(refname)%00%(upstream:short)%00%(objectname)%00%(upstream:track)%00%(upstream:remotename)%00%(upstream:remoteref) refs/heads/master refs/remotes/master [1ms]
2025-02-24 09:39:07.738 [warning] [Git][getBranch] No such branch: master
2025-02-24 09:39:07.745 [info] > git for-each-ref --sort -committerdate --format %(refname) %(objectname) %(*objectname) [2ms]
2025-02-24 09:39:07.756 [info] > git status -z -uall [15ms]
2025-02-24 09:39:12.785 [info] > git config --get commit.template [4ms]
2025-02-24 09:39:12.785 [info] > git for-each-ref --format=%(refname)%00%(upstream:short)%00%(objectname)%00%(upstream:track)%00%(upstream:remotename)%00%(upstream:remoteref) refs/heads/master refs/remotes/master [1ms]
2025-02-24 09:39:12.803 [warning] [Git][getBranch] No such branch: master
2025-02-24 09:39:12.810 [info] > git for-each-ref --sort -committerdate --format %(refname) %(objectname) %(*objectname) [0ms]
2025-02-24 09:39:12.820 [info] > git status -z -uall [14ms]
2025-02-24 09:39:17.858 [info] > git config --get commit.template [7ms]
2025-02-24 09:39:17.858 [info] > git for-each-ref --format=%(refname)%00%(upstream:short)%00%(objectname)%00%(upstream:track)%00%(upstream:remotename)%00%(upstream:remoteref) refs/heads/master refs/remotes/master [1ms]
2025-02-24 09:39:17.876 [warning] [Git][getBranch] No such branch: master
2025-02-24 09:39:17.882 [info] > git for-each-ref --sort -committerdate --format %(refname) %(objectname) %(*objectname) [1ms]
2025-02-24 09:39:17.894 [info] > git status -z -uall [16ms]
2025-02-24 09:39:22.922 [info] > git config --get commit.template [1ms]
2025-02-24 09:39:22.926 [info] > git for-each-ref --format=%(refname)%00%(upstream:short)%00%(objectname)%00%(upstream:track)%00%(upstream:remotename)%00%(upstream:remoteref) refs/heads/master refs/remotes/master [1ms]
2025-02-24 09:39:22.935 [warning] [Git][getBranch] No such branch: master
2025-02-24 09:39:22.940 [info] > git for-each-ref --sort -committerdate --format %(refname) %(objectname) %(*objectname) [1ms]
2025-02-24 09:39:22.951 [info] > git status -z -uall [14ms]
2025-02-24 09:39:27.983 [info] > git config --get commit.template [5ms]
2025-02-24 09:39:27.983 [info] > git for-each-ref --format=%(refname)%00%(upstream:short)%00%(objectname)%00%(upstream:track)%00%(upstream:remotename)%00%(upstream:remoteref) refs/heads/master refs/remotes/master [1ms]
2025-02-24 09:39:28.000 [warning] [Git][getBranch] No such branch: master
2025-02-24 09:39:28.010 [info] > git for-each-ref --sort -committerdate --format %(refname) %(objectname) %(*objectname) [2ms]
2025-02-24 09:39:28.022 [info] > git status -z -uall [19ms]
2025-02-24 09:39:36.084 [info] > git config --get commit.template [4ms]
2025-02-24 09:39:36.085 [info] > git for-each-ref --format=%(refname)%00%(upstream:short)%00%(objectname)%00%(upstream:track)%00%(upstream:remotename)%00%(upstream:remoteref) refs/heads/master refs/remotes/master [1ms]
2025-02-24 09:39:36.102 [warning] [Git][getBranch] No such branch: master
2025-02-24 09:39:36.109 [info] > git for-each-ref --sort -committerdate --format %(refname) %(objectname) %(*objectname) [1ms]
2025-02-24 09:39:36.123 [info] > git status -z -uall [17ms]
2025-02-24 09:39:41.154 [info] > git config --get commit.template [5ms]
2025-02-24 09:39:41.154 [info] > git for-each-ref --format=%(refname)%00%(upstream:short)%00%(objectname)%00%(upstream:track)%00%(upstream:remotename)%00%(upstream:remoteref) refs/heads/master refs/remotes/master [1ms]
2025-02-24 09:39:41.172 [warning] [Git][getBranch] No such branch: master
2025-02-24 09:39:41.182 [info] > git for-each-ref --sort -committerdate --format %(refname) %(objectname) %(*objectname) [2ms]
2025-02-24 09:39:41.196 [info] > git status -z -uall [20ms]
2025-02-24 09:39:46.224 [info] > git config --get commit.template [4ms]
2025-02-24 09:39:46.225 [info] > git for-each-ref --format=%(refname)%00%(upstream:short)%00%(objectname)%00%(upstream:track)%00%(upstream:remotename)%00%(upstream:remoteref) refs/heads/master refs/remotes/master [1ms]
2025-02-24 09:39:46.242 [warning] [Git][getBranch] No such branch: master
2025-02-24 09:39:46.248 [info] > git for-each-ref --sort -committerdate --format %(refname) %(objectname) %(*objectname) [1ms]
2025-02-24 09:39:46.259 [info] > git status -z -uall [14ms]
2025-02-24 09:39:51.295 [info] > git config --get commit.template [3ms]
2025-02-24 09:39:51.295 [info] > git for-each-ref --format=%(refname)%00%(upstream:short)%00%(objectname)%00%(upstream:track)%00%(upstream:remotename)%00%(upstream:remoteref) refs/heads/master refs/remotes/master [1ms]
2025-02-24 09:39:51.303 [warning] [Git][getBranch] No such branch: master
2025-02-24 09:39:51.309 [info] > git for-each-ref --sort -committerdate --format %(refname) %(objectname) %(*objectname) [0ms]
2025-02-24 09:39:51.319 [info] > git status -z -uall [14ms]
2025-02-24 09:39:56.351 [info] > git config --get commit.template [4ms]
2025-02-24 09:39:56.352 [info] > git for-each-ref --format=%(refname)%00%(upstream:short)%00%(objectname)%00%(upstream:track)%00%(upstream:remotename)%00%(upstream:remoteref) refs/heads/master refs/remotes/master [1ms]
2025-02-24 09:39:56.369 [warning] [Git][getBranch] No such branch: master
2025-02-24 09:39:56.376 [info] > git for-each-ref --sort -committerdate --format %(refname) %(objectname) %(*objectname) [1ms]
2025-02-24 09:39:56.386 [info] > git status -z -uall [14ms]
2025-02-24 09:40:01.420 [info] > git config --get commit.template [5ms]
2025-02-24 09:40:01.421 [info] > git for-each-ref --format=%(refname)%00%(upstream:short)%00%(objectname)%00%(upstream:track)%00%(upstream:remotename)%00%(upstream:remoteref) refs/heads/master refs/remotes/master [1ms]
2025-02-24 09:40:01.438 [warning] [Git][getBranch] No such branch: master
2025-02-24 09:40:01.445 [info] > git for-each-ref --sort -committerdate --format %(refname) %(objectname) %(*objectname) [1ms]
2025-02-24 09:40:01.457 [info] > git status -z -uall [16ms]
2025-02-24 09:40:10.077 [info] > git config --get commit.template [3ms]
2025-02-24 09:40:10.077 [info] > git for-each-ref --format=%(refname)%00%(upstream:short)%00%(objectname)%00%(upstream:track)%00%(upstream:remotename)%00%(upstream:remoteref) refs/heads/master refs/remotes/master [0ms]
2025-02-24 09:40:10.095 [warning] [Git][getBranch] No such branch: master
2025-02-24 09:40:10.102 [info] > git for-each-ref --sort -committerdate --format %(refname) %(objectname) %(*objectname) [1ms]
2025-02-24 09:40:10.113 [info] > git status -z -uall [15ms]
2025-02-24 09:40:15.140 [info] > git config --get commit.template [4ms]
2025-02-24 09:40:15.140 [info] > git for-each-ref --format=%(refname)%00%(upstream:short)%00%(objectname)%00%(upstream:track)%00%(upstream:remotename)%00%(upstream:remoteref) refs/heads/master refs/remotes/master [1ms]
2025-02-24 09:40:15.140 [warning] [Git][getBranch] No such branch: master
2025-02-24 09:40:15.146 [info] > git for-each-ref --sort -committerdate --format %(refname) %(objectname) %(*objectname) [1ms]
2025-02-24 09:40:15.156 [info] > git status -z -uall [14ms]
2025-02-24 09:40:20.191 [info] > git config --get commit.template [7ms]
2025-02-24 09:40:20.193 [info] > git for-each-ref --format=%(refname)%00%(upstream:short)%00%(objectname)%00%(upstream:track)%00%(upstream:remotename)%00%(upstream:remoteref) refs/heads/master refs/remotes/master [2ms]
2025-02-24 09:40:20.209 [warning] [Git][getBranch] No such branch: master
2025-02-24 09:40:20.216 [info] > git for-each-ref --sort -committerdate --format %(refname) %(objectname) %(*objectname) [1ms]
2025-02-24 09:40:20.227 [info] > git status -z -uall [15ms]
2025-02-24 09:40:25.252 [info] > git config --get commit.template [2ms]
2025-02-24 09:40:25.255 [info] > git for-each-ref --format=%(refname)%00%(upstream:short)%00%(objectname)%00%(upstream:track)%00%(upstream:remotename)%00%(upstream:remoteref) refs/heads/master refs/remotes/master [1ms]
2025-02-24 09:40:25.269 [warning] [Git][getBranch] No such branch: master
2025-02-24 09:40:25.275 [info] > git for-each-ref --sort -committerdate --format %(refname) %(objectname) %(*objectname) [1ms]
2025-02-24 09:40:25.290 [info] > git status -z -uall [18ms]
2025-02-24 09:40:30.324 [info] > git config --get commit.template [7ms]
2025-02-24 09:40:30.324 [info] > git for-each-ref --format=%(refname)%00%(upstream:short)%00%(objectname)%00%(upstream:track)%00%(upstream:remotename)%00%(upstream:remoteref) refs/heads/master refs/remotes/master [1ms]
2025-02-24 09:40:30.341 [warning] [Git][getBranch] No such branch: master
2025-02-24 09:40:30.352 [info] > git for-each-ref --sort -committerdate --format %(refname) %(objectname) %(*objectname) [4ms]
2025-02-24 09:40:30.362 [info] > git status -z -uall [18ms]
2025-02-24 09:40:35.397 [info] > git config --get commit.template [3ms]
2025-02-24 09:40:35.397 [info] > git for-each-ref --format=%(refname)%00%(upstream:short)%00%(objectname)%00%(upstream:track)%00%(upstream:remotename)%00%(upstream:remoteref) refs/heads/master refs/remotes/master [1ms]
2025-02-24 09:40:35.414 [warning] [Git][getBranch] No such branch: master
2025-02-24 09:40:35.422 [info] > git for-each-ref --sort -committerdate --format %(refname) %(objectname) %(*objectname) [1ms]
2025-02-24 09:40:35.432 [info] > git status -z -uall [14ms]
2025-02-24 09:40:44.040 [info] > git config --get commit.template [4ms]
2025-02-24 09:40:44.041 [info] > git for-each-ref --format=%(refname)%00%(upstream:short)%00%(objectname)%00%(upstream:track)%00%(upstream:remotename)%00%(upstream:remoteref) refs/heads/master refs/remotes/master [1ms]
2025-02-24 09:40:44.041 [warning] [Git][getBranch] No such branch: master
2025-02-24 09:40:44.048 [info] > git for-each-ref --sort -committerdate --format %(refname) %(objectname) %(*objectname) [1ms]
2025-02-24 09:40:44.060 [info] > git status -z -uall [16ms]
2025-02-24 09:40:49.088 [info] > git config --get commit.template [3ms]
2025-02-24 09:40:49.088 [info] > git for-each-ref --format=%(refname)%00%(upstream:short)%00%(objectname)%00%(upstream:track)%00%(upstream:remotename)%00%(upstream:remoteref) refs/heads/master refs/remotes/master [1ms]
2025-02-24 09:40:49.105 [warning] [Git][getBranch] No such branch: master
2025-02-24 09:40:49.114 [info] > git for-each-ref --sort -committerdate --format %(refname) %(objectname) %(*objectname) [1ms]
2025-02-24 09:40:49.126 [info] > git status -z -uall [17ms]
2025-02-24 09:40:54.154 [info] > git config --get commit.template [4ms]
2025-02-24 09:40:54.154 [info] > git for-each-ref --format=%(refname)%00%(upstream:short)%00%(objectname)%00%(upstream:track)%00%(upstream:remotename)%00%(upstream:remoteref) refs/heads/master refs/remotes/master [1ms]
2025-02-24 09:40:54.172 [warning] [Git][getBranch] No such branch: master
2025-02-24 09:40:54.180 [info] > git for-each-ref --sort -committerdate --format %(refname) %(objectname) %(*objectname) [1ms]
2025-02-24 09:40:54.251 [info] > git status -z -uall [76ms]
2025-02-24 09:40:59.287 [info] > git config --get commit.template [3ms]
2025-02-24 09:40:59.287 [info] > git for-each-ref --format=%(refname)%00%(upstream:short)%00%(objectname)%00%(upstream:track)%00%(upstream:remotename)%00%(upstream:remoteref) refs/heads/master refs/remotes/master [1ms]
2025-02-24 09:40:59.304 [warning] [Git][getBranch] No such branch: master
2025-02-24 09:40:59.312 [info] > git for-each-ref --sort -committerdate --format %(refname) %(objectname) %(*objectname) [1ms]
2025-02-24 09:40:59.325 [info] > git status -z -uall [18ms]
2025-02-24 09:41:04.358 [info] > git config --get commit.template [5ms]
2025-02-24 09:41:04.359 [info] > git for-each-ref --format=%(refname)%00%(upstream:short)%00%(objectname)%00%(upstream:track)%00%(upstream:remotename)%00%(upstream:remoteref) refs/heads/master refs/remotes/master [2ms]
2025-02-24 09:41:04.359 [warning] [Git][getBranch] No such branch: master
2025-02-24 09:41:04.367 [info] > git for-each-ref --sort -committerdate --format %(refname) %(objectname) %(*objectname) [1ms]
2025-02-24 09:41:04.379 [info] > git status -z -uall [18ms]
2025-02-24 09:41:09.407 [info] > git config --get commit.template [3ms]
2025-02-24 09:41:09.407 [info] > git for-each-ref --format=%(refname)%00%(upstream:short)%00%(objectname)%00%(upstream:track)%00%(upstream:remotename)%00%(upstream:remoteref) refs/heads/master refs/remotes/master [1ms]
2025-02-24 09:41:09.407 [warning] [Git][getBranch] No such branch: master
2025-02-24 09:41:09.413 [info] > git for-each-ref --sort -committerdate --format %(refname) %(objectname) %(*objectname) [2ms]
2025-02-24 09:41:09.424 [info] > git status -z -uall [15ms]
2025-02-24 09:41:21.085 [info] > git config --get commit.template [4ms]
2025-02-24 09:41:21.085 [info] > git for-each-ref --format=%(refname)%00%(upstream:short)%00%(objectname)%00%(upstream:track)%00%(upstream:remotename)%00%(upstream:remoteref) refs/heads/master refs/remotes/master [1ms]
2025-02-24 09:41:21.086 [warning] [Git][getBranch] No such branch: master
2025-02-24 09:41:21.096 [info] > git for-each-ref --sort -committerdate --format %(refname) %(objectname) %(*objectname) [1ms]
2025-02-24 09:41:21.106 [info] > git status -z -uall [15ms]
2025-02-24 09:41:26.136 [info] > git config --get commit.template [5ms]
2025-02-24 09:41:26.136 [info] > git for-each-ref --format=%(refname)%00%(upstream:short)%00%(objectname)%00%(upstream:track)%00%(upstream:remotename)%00%(upstream:remoteref) refs/heads/master refs/remotes/master [1ms]
2025-02-24 09:41:26.136 [warning] [Git][getBranch] No such branch: master
2025-02-24 09:41:26.143 [info] > git for-each-ref --sort -committerdate --format %(refname) %(objectname) %(*objectname) [1ms]
2025-02-24 09:41:26.155 [info] > git status -z -uall [16ms]
2025-02-24 09:41:31.190 [info] > git config --get commit.template [4ms]
2025-02-24 09:41:31.191 [info] > git for-each-ref --format=%(refname)%00%(upstream:short)%00%(objectname)%00%(upstream:track)%00%(upstream:remotename)%00%(upstream:remoteref) refs/heads/master refs/remotes/master [1ms]
2025-02-24 09:41:31.191 [warning] [Git][getBranch] No such branch: master
2025-02-24 09:41:31.198 [info] > git for-each-ref --sort -committerdate --format %(refname) %(objectname) %(*objectname) [1ms]
2025-02-24 09:41:31.212 [info] > git status -z -uall [18ms]
2025-02-24 09:41:36.242 [info] > git config --get commit.template [4ms]
2025-02-24 09:41:36.243 [info] > git for-each-ref --format=%(refname)%00%(upstream:short)%00%(objectname)%00%(upstream:track)%00%(upstream:remotename)%00%(upstream:remoteref) refs/heads/master refs/remotes/master [2ms]
2025-02-24 09:41:36.243 [warning] [Git][getBranch] No such branch: master
2025-02-24 09:41:36.252 [info] > git for-each-ref --sort -committerdate --format %(refname) %(objectname) %(*objectname) [1ms]
2025-02-24 09:41:36.265 [info] > git status -z -uall [19ms]
2025-02-24 09:41:41.306 [info] > git for-each-ref --format=%(refname)%00%(upstream:short)%00%(objectname)%00%(upstream:track)%00%(upstream:remotename)%00%(upstream:remoteref) refs/heads/master refs/remotes/master [0ms]
2025-02-24 09:41:41.306 [warning] [Git][getBranch] No such branch: master
2025-02-24 09:41:41.306 [info] > git config --get commit.template [12ms]
2025-02-24 09:41:41.316 [info] > git for-each-ref --sort -committerdate --format %(refname) %(objectname) %(*objectname) [3ms]
2025-02-24 09:41:41.329 [info] > git status -z -uall [21ms]
2025-02-24 09:42:07.149 [info] > git config --get commit.template [2ms]
2025-02-24 09:42:07.156 [info] > git for-each-ref --format=%(refname)%00%(upstream:short)%00%(objectname)%00%(upstream:track)%00%(upstream:remotename)%00%(upstream:remoteref) refs/heads/master refs/remotes/master [2ms]
2025-02-24 09:42:07.156 [warning] [Git][getBranch] No such branch: master
2025-02-24 09:42:07.168 [info] > git for-each-ref --sort -committerdate --format %(refname) %(objectname) %(*objectname) [1ms]
2025-02-24 09:42:07.192 [info] > git status -z -uall [30ms]
2025-02-24 09:42:12.235 [info] > git config --get commit.template [4ms]
2025-02-24 09:42:12.236 [info] > git for-each-ref --format=%(refname)%00%(upstream:short)%00%(objectname)%00%(upstream:track)%00%(upstream:remotename)%00%(upstream:remoteref) refs/heads/master refs/remotes/master [2ms]
2025-02-24 09:42:12.236 [warning] [Git][getBranch] No such branch: master
2025-02-24 09:42:12.243 [info] > git for-each-ref --sort -committerdate --format %(refname) %(objectname) %(*objectname) [2ms]
2025-02-24 09:42:12.253 [info] > git status -z -uall [15ms]
2025-02-24 09:42:17.283 [info] > git config --get commit.template [5ms]
2025-02-24 09:42:17.283 [info] > git for-each-ref --format=%(refname)%00%(upstream:short)%00%(objectname)%00%(upstream:track)%00%(upstream:remotename)%00%(upstream:remoteref) refs/heads/master refs/remotes/master [1ms]
2025-02-24 09:42:17.283 [warning] [Git][getBranch] No such branch: master
2025-02-24 09:42:17.290 [info] > git for-each-ref --sort -committerdate --format %(refname) %(objectname) %(*objectname) [1ms]
2025-02-24 09:42:17.303 [info] > git status -z -uall [17ms]
2025-02-24 09:42:22.341 [info] > git config --get commit.template [4ms]
2025-02-24 09:42:22.341 [info] > git for-each-ref --format=%(refname)%00%(upstream:short)%00%(objectname)%00%(upstream:track)%00%(upstream:remotename)%00%(upstream:remoteref) refs/heads/master refs/remotes/master [1ms]
2025-02-24 09:42:22.341 [warning] [Git][getBranch] No such branch: master
2025-02-24 09:42:22.346 [info] > git for-each-ref --sort -committerdate --format %(refname) %(objectname) %(*objectname) [1ms]
2025-02-24 09:42:22.357 [info] > git status -z -uall [14ms]
2025-02-24 09:42:30.974 [info] > git config --get commit.template [4ms]
2025-02-24 09:42:30.974 [info] > git for-each-ref --format=%(refname)%00%(upstream:short)%00%(objectname)%00%(upstream:track)%00%(upstream:remotename)%00%(upstream:remoteref) refs/heads/master refs/remotes/master [1ms]
2025-02-24 09:42:30.974 [warning] [Git][getBranch] No such branch: master
2025-02-24 09:42:30.981 [info] > git for-each-ref --sort -committerdate --format %(refname) %(objectname) %(*objectname) [2ms]
2025-02-24 09:42:31.002 [info] > git status -z -uall [25ms]
2025-02-24 09:44:46.662 [info] > git config --get commit.template [6ms]
2025-02-24 09:44:46.663 [info] > git for-each-ref --format=%(refname)%00%(upstream:short)%00%(objectname)%00%(upstream:track)%00%(upstream:remotename)%00%(upstream:remoteref) refs/heads/master refs/remotes/master [3ms]
2025-02-24 09:44:46.663 [warning] [Git][getBranch] No such branch: master
2025-02-24 09:44:46.669 [info] > git for-each-ref --sort -committerdate --format %(refname) %(objectname) %(*objectname) [1ms]
2025-02-24 09:44:46.682 [info] > git status -z -uall [16ms]
2025-02-24 09:44:55.313 [info] > git config --get commit.template [7ms]
2025-02-24 09:44:55.313 [info] > git for-each-ref --format=%(refname)%00%(upstream:short)%00%(objectname)%00%(upstream:track)%00%(upstream:remotename)%00%(upstream:remoteref) refs/heads/master refs/remotes/master [2ms]
2025-02-24 09:44:55.313 [warning] [Git][getBranch] No such branch: master
2025-02-24 09:44:55.323 [info] > git for-each-ref --sort -committerdate --format %(refname) %(objectname) %(*objectname) [2ms]
2025-02-24 09:44:55.336 [info] > git status -z -uall [20ms]
2025-02-24 09:45:00.368 [info] > git config --get commit.template [3ms]
2025-02-24 09:45:00.369 [info] > git for-each-ref --format=%(refname)%00%(upstream:short)%00%(objectname)%00%(upstream:track)%00%(upstream:remotename)%00%(upstream:remoteref) refs/heads/master refs/remotes/master [1ms]
2025-02-24 09:45:00.369 [warning] [Git][getBranch] No such branch: master
2025-02-24 09:45:00.374 [info] > git for-each-ref --sort -committerdate --format %(refname) %(objectname) %(*objectname) [1ms]
2025-02-24 09:45:00.385 [info] > git status -z -uall [14ms]
2025-02-24 09:45:05.416 [info] > git config --get commit.template [5ms]
2025-02-24 09:45:05.416 [info] > git for-each-ref --format=%(refname)%00%(upstream:short)%00%(objectname)%00%(upstream:track)%00%(upstream:remotename)%00%(upstream:remoteref) refs/heads/master refs/remotes/master [1ms]
2025-02-24 09:45:05.416 [warning] [Git][getBranch] No such branch: master
2025-02-24 09:45:05.423 [info] > git for-each-ref --sort -committerdate --format %(refname) %(objectname) %(*objectname) [2ms]
2025-02-24 09:45:05.435 [info] > git status -z -uall [16ms]
2025-02-24 09:45:10.462 [info] > git config --get commit.template [3ms]
2025-02-24 09:45:10.463 [info] > git for-each-ref --format=%(refname)%00%(upstream:short)%00%(objectname)%00%(upstream:track)%00%(upstream:remotename)%00%(upstream:remoteref) refs/heads/master refs/remotes/master [1ms]
2025-02-24 09:45:10.463 [warning] [Git][getBranch] No such branch: master
2025-02-24 09:45:10.468 [info] > git for-each-ref --sort -committerdate --format %(refname) %(objectname) %(*objectname) [1ms]
2025-02-24 09:45:10.479 [info] > git status -z -uall [14ms]
2025-02-24 09:51:52.677 [info] > git config --get commit.template [18ms]
2025-02-24 09:51:52.678 [info] > git for-each-ref --format=%(refname)%00%(upstream:short)%00%(objectname)%00%(upstream:track)%00%(upstream:remotename)%00%(upstream:remoteref) refs/heads/master refs/remotes/master [12ms]
2025-02-24 09:51:52.678 [warning] [Git][getBranch] No such branch: master
2025-02-24 09:51:52.691 [info] > git for-each-ref --sort -committerdate --format %(refname) %(objectname) %(*objectname) [4ms]
2025-02-24 09:51:53.302 [info] > git status -z -uall [620ms]
2025-02-24 09:51:58.371 [info] > git config --get commit.template [5ms]
2025-02-24 09:51:58.372 [info] > git for-each-ref --format=%(refname)%00%(upstream:short)%00%(objectname)%00%(upstream:track)%00%(upstream:remotename)%00%(upstream:remoteref) refs/heads/master refs/remotes/master [2ms]
2025-02-24 09:51:58.372 [warning] [Git][getBranch] No such branch: master
2025-02-24 09:51:58.379 [info] > git for-each-ref --sort -committerdate --format %(refname) %(objectname) %(*objectname) [1ms]
2025-02-24 09:51:58.395 [info] > git status -z -uall [20ms]
2025-02-24 09:52:07.028 [info] > git config --get commit.template [6ms]
2025-02-24 09:52:07.029 [info] > git for-each-ref --format=%(refname)%00%(upstream:short)%00%(objectname)%00%(upstream:track)%00%(upstream:remotename)%00%(upstream:remoteref) refs/heads/master refs/remotes/master [2ms]
2025-02-24 09:52:07.029 [warning] [Git][getBranch] No such branch: master
2025-02-24 09:52:07.039 [info] > git for-each-ref --sort -committerdate --format %(refname) %(objectname) %(*objectname) [1ms]
2025-02-24 09:52:07.059 [info] > git status -z -uall [25ms]
2025-02-24 09:52:12.119 [info] > git config --get commit.template [10ms]
2025-02-24 09:52:12.121 [info] > git for-each-ref --format=%(refname)%00%(upstream:short)%00%(objectname)%00%(upstream:track)%00%(upstream:remotename)%00%(upstream:remoteref) refs/heads/master refs/remotes/master [4ms]
2025-02-24 09:52:12.121 [warning] [Git][getBranch] No such branch: master
2025-02-24 09:52:12.139 [info] > git for-each-ref --sort -committerdate --format %(refname) %(objectname) %(*objectname) [2ms]
2025-02-24 09:52:12.179 [info] > git status -z -uall [51ms]
2025-02-24 09:52:17.248 [info] > git config --get commit.template [6ms]
2025-02-24 09:52:17.248 [info] > git for-each-ref --format=%(refname)%00%(upstream:short)%00%(objectname)%00%(upstream:track)%00%(upstream:remotename)%00%(upstream:remoteref) refs/heads/master refs/remotes/master [1ms]
2025-02-24 09:52:17.248 [warning] [Git][getBranch] No such branch: master
2025-02-24 09:52:17.256 [info] > git for-each-ref --sort -committerdate --format %(refname) %(objectname) %(*objectname) [1ms]
2025-02-24 09:52:17.269 [info] > git status -z -uall [17ms]
2025-02-24 09:52:22.306 [info] > git config --get commit.template [6ms]
2025-02-24 09:52:22.307 [info] > git for-each-ref --format=%(refname)%00%(upstream:short)%00%(objectname)%00%(upstream:track)%00%(upstream:remotename)%00%(upstream:remoteref) refs/heads/master refs/remotes/master [1ms]
2025-02-24 09:52:22.307 [warning] [Git][getBranch] No such branch: master
2025-02-24 09:52:22.316 [info] > git for-each-ref --sort -committerdate --format %(refname) %(objectname) %(*objectname) [1ms]
2025-02-24 09:52:22.330 [info] > git status -z -uall [19ms]
2025-02-24 09:52:27.363 [info] > git config --get commit.template [3ms]
2025-02-24 09:52:27.363 [info] > git for-each-ref --format=%(refname)%00%(upstream:short)%00%(objectname)%00%(upstream:track)%00%(upstream:remotename)%00%(upstream:remoteref) refs/heads/master refs/remotes/master [0ms]
2025-02-24 09:52:27.363 [warning] [Git][getBranch] No such branch: master
2025-02-24 09:52:27.371 [info] > git for-each-ref --sort -committerdate --format %(refname) %(objectname) %(*objectname) [2ms]
2025-02-24 09:52:27.381 [info] > git status -z -uall [15ms]
2025-02-24 09:52:32.427 [info] > git config --get commit.template [5ms]
2025-02-24 09:52:32.428 [info] > git for-each-ref --format=%(refname)%00%(upstream:short)%00%(objectname)%00%(upstream:track)%00%(upstream:remotename)%00%(upstream:remoteref) refs/heads/master refs/remotes/master [1ms]
2025-02-24 09:52:32.428 [warning] [Git][getBranch] No such branch: master
2025-02-24 09:52:32.437 [info] > git for-each-ref --sort -committerdate --format %(refname) %(objectname) %(*objectname) [2ms]
2025-02-24 09:52:32.449 [info] > git status -z -uall [18ms]
2025-02-24 09:52:41.059 [info] > git config --get commit.template [5ms]
2025-02-24 09:52:41.060 [info] > git for-each-ref --format=%(refname)%00%(upstream:short)%00%(objectname)%00%(upstream:track)%00%(upstream:remotename)%00%(upstream:remoteref) refs/heads/master refs/remotes/master [1ms]
2025-02-24 09:52:41.060 [warning] [Git][getBranch] No such branch: master
2025-02-24 09:52:41.066 [info] > git for-each-ref --sort -committerdate --format %(refname) %(objectname) %(*objectname) [1ms]
2025-02-24 09:52:41.078 [info] > git status -z -uall [16ms]
2025-02-24 09:52:46.105 [info] > git config --get commit.template [4ms]
2025-02-24 09:52:46.106 [info] > git for-each-ref --format=%(refname)%00%(upstream:short)%00%(objectname)%00%(upstream:track)%00%(upstream:remotename)%00%(upstream:remoteref) refs/heads/master refs/remotes/master [0ms]
2025-02-24 09:52:46.106 [warning] [Git][getBranch] No such branch: master
2025-02-24 09:52:46.112 [info] > git for-each-ref --sort -committerdate --format %(refname) %(objectname) %(*objectname) [1ms]
2025-02-24 09:52:46.122 [info] > git status -z -uall [14ms]
2025-02-24 09:52:51.151 [info] > git config --get commit.template [4ms]
2025-02-24 09:52:51.151 [info] > git for-each-ref --format=%(refname)%00%(upstream:short)%00%(objectname)%00%(upstream:track)%00%(upstream:remotename)%00%(upstream:remoteref) refs/heads/master refs/remotes/master [1ms]
2025-02-24 09:52:51.151 [warning] [Git][getBranch] No such branch: master
2025-02-24 09:52:51.161 [info] > git for-each-ref --sort -committerdate --format %(refname) %(objectname) %(*objectname) [1ms]
2025-02-24 09:52:51.176 [info] > git status -z -uall [22ms]
2025-02-24 09:52:56.221 [info] > git config --get commit.template [7ms]
2025-02-24 09:52:56.222 [info] > git for-each-ref --format=%(refname)%00%(upstream:short)%00%(objectname)%00%(upstream:track)%00%(upstream:remotename)%00%(upstream:remoteref) refs/heads/master refs/remotes/master [2ms]
2025-02-24 09:52:56.222 [warning] [Git][getBranch] No such branch: master
2025-02-24 09:52:56.231 [info] > git for-each-ref --sort -committerdate --format %(refname) %(objectname) %(*objectname) [1ms]
2025-02-24 09:52:56.247 [info] > git status -z -uall [22ms]
2025-02-24 09:53:01.286 [info] > git config --get commit.template [4ms]
2025-02-24 09:53:01.286 [info] > git for-each-ref --format=%(refname)%00%(upstream:short)%00%(objectname)%00%(upstream:track)%00%(upstream:remotename)%00%(upstream:remoteref) refs/heads/master refs/remotes/master [1ms]
2025-02-24 09:53:01.286 [warning] [Git][getBranch] No such branch: master
2025-02-24 09:53:01.293 [info] > git for-each-ref --sort -committerdate --format %(refname) %(objectname) %(*objectname) [1ms]
2025-02-24 09:53:01.308 [info] > git status -z -uall [19ms]
2025-02-24 09:53:06.340 [info] > git config --get commit.template [3ms]
2025-02-24 09:53:06.340 [info] > git for-each-ref --format=%(refname)%00%(upstream:short)%00%(objectname)%00%(upstream:track)%00%(upstream:remotename)%00%(upstream:remoteref) refs/heads/master refs/remotes/master [1ms]
2025-02-24 09:53:06.340 [warning] [Git][getBranch] No such branch: master
2025-02-24 09:53:06.346 [info] > git for-each-ref --sort -committerdate --format %(refname) %(objectname) %(*objectname) [1ms]
2025-02-24 09:53:06.359 [info] > git status -z -uall [17ms]
2025-02-24 09:53:11.390 [info] > git config --get commit.template [3ms]
2025-02-24 09:53:11.391 [info] > git for-each-ref --format=%(refname)%00%(upstream:short)%00%(objectname)%00%(upstream:track)%00%(upstream:remotename)%00%(upstream:remoteref) refs/heads/master refs/remotes/master [1ms]
2025-02-24 09:53:11.391 [warning] [Git][getBranch] No such branch: master
2025-02-24 09:53:11.399 [info] > git for-each-ref --sort -committerdate --format %(refname) %(objectname) %(*objectname) [1ms]
2025-02-24 09:53:11.415 [info] > git status -z -uall [20ms]
2025-02-24 09:53:20.042 [info] > git config --get commit.template [6ms]
2025-02-24 09:53:20.043 [info] > git for-each-ref --format=%(refname)%00%(upstream:short)%00%(objectname)%00%(upstream:track)%00%(upstream:remotename)%00%(upstream:remoteref) refs/heads/master refs/remotes/master [3ms]
2025-02-24 09:53:20.043 [warning] [Git][getBranch] No such branch: master
2025-02-24 09:53:20.052 [info] > git for-each-ref --sort -committerdate --format %(refname) %(objectname) %(*objectname) [2ms]
2025-02-24 09:53:20.068 [info] > git status -z -uall [21ms]
2025-02-24 09:53:25.102 [info] > git config --get commit.template [4ms]
2025-02-24 09:53:25.103 [info] > git for-each-ref --format=%(refname)%00%(upstream:short)%00%(objectname)%00%(upstream:track)%00%(upstream:remotename)%00%(upstream:remoteref) refs/heads/master refs/remotes/master [1ms]
2025-02-24 09:53:25.103 [warning] [Git][getBranch] No such branch: master
2025-02-24 09:53:25.111 [info] > git for-each-ref --sort -committerdate --format %(refname) %(objectname) %(*objectname) [1ms]
2025-02-24 09:53:25.123 [info] > git status -z -uall [17ms]
2025-02-24 09:53:30.159 [info] > git config --get commit.template [4ms]
2025-02-24 09:53:30.160 [info] > git for-each-ref --format=%(refname)%00%(upstream:short)%00%(objectname)%00%(upstream:track)%00%(upstream:remotename)%00%(upstream:remoteref) refs/heads/master refs/remotes/master [1ms]
2025-02-24 09:53:30.160 [warning] [Git][getBranch] No such branch: master
2025-02-24 09:53:30.167 [info] > git for-each-ref --sort -committerdate --format %(refname) %(objectname) %(*objectname) [1ms]
2025-02-24 09:53:30.180 [info] > git status -z -uall [17ms]
2025-02-24 09:53:35.208 [info] > git config --get commit.template [1ms]
2025-02-24 09:53:35.212 [info] > git for-each-ref --format=%(refname)%00%(upstream:short)%00%(objectname)%00%(upstream:track)%00%(upstream:remotename)%00%(upstream:remoteref) refs/heads/master refs/remotes/master [1ms]
2025-02-24 09:53:35.212 [warning] [Git][getBranch] No such branch: master
2025-02-24 09:53:35.221 [info] > git for-each-ref --sort -committerdate --format %(refname) %(objectname) %(*objectname) [2ms]
2025-02-24 09:53:35.238 [info] > git status -z -uall [23ms]
2025-02-24 09:53:40.276 [info] > git config --get commit.template [5ms]
2025-02-24 09:53:40.277 [info] > git for-each-ref --format=%(refname)%00%(upstream:short)%00%(objectname)%00%(upstream:track)%00%(upstream:remotename)%00%(upstream:remoteref) refs/heads/master refs/remotes/master [1ms]
2025-02-24 09:53:40.277 [warning] [Git][getBranch] No such branch: master
2025-02-24 09:53:40.284 [info] > git for-each-ref --sort -committerdate --format %(refname) %(objectname) %(*objectname) [2ms]
2025-02-24 09:53:40.298 [info] > git status -z -uall [19ms]
2025-02-24 09:53:45.335 [info] > git config --get commit.template [4ms]
2025-02-24 09:53:45.336 [info] > git for-each-ref --format=%(refname)%00%(upstream:short)%00%(objectname)%00%(upstream:track)%00%(upstream:remotename)%00%(upstream:remoteref) refs/heads/master refs/remotes/master [1ms]
2025-02-24 09:53:45.336 [warning] [Git][getBranch] No such branch: master
2025-02-24 09:53:45.342 [info] > git for-each-ref --sort -committerdate --format %(refname) %(objectname) %(*objectname) [1ms]
2025-02-24 09:53:45.357 [info] > git status -z -uall [19ms]
2025-02-24 09:53:53.982 [info] > git config --get commit.template [5ms]
2025-02-24 09:53:53.982 [info] > git for-each-ref --format=%(refname)%00%(upstream:short)%00%(objectname)%00%(upstream:track)%00%(upstream:remotename)%00%(upstream:remoteref) refs/heads/master refs/remotes/master [1ms]
2025-02-24 09:53:53.982 [warning] [Git][getBranch] No such branch: master
2025-02-24 09:53:53.990 [info] > git for-each-ref --sort -committerdate --format %(refname) %(objectname) %(*objectname) [1ms]
2025-02-24 09:53:54.002 [info] > git status -z -uall [17ms]
2025-02-24 09:53:59.032 [info] > git config --get commit.template [4ms]
2025-02-24 09:53:59.032 [info] > git for-each-ref --format=%(refname)%00%(upstream:short)%00%(objectname)%00%(upstream:track)%00%(upstream:remotename)%00%(upstream:remoteref) refs/heads/master refs/remotes/master [1ms]
2025-02-24 09:53:59.033 [warning] [Git][getBranch] No such branch: master
2025-02-24 09:53:59.039 [info] > git for-each-ref --sort -committerdate --format %(refname) %(objectname) %(*objectname) [2ms]
2025-02-24 09:53:59.053 [info] > git status -z -uall [18ms]
2025-02-24 09:54:04.087 [info] > git config --get commit.template [3ms]
2025-02-24 09:54:04.088 [info] > git for-each-ref --format=%(refname)%00%(upstream:short)%00%(objectname)%00%(upstream:track)%00%(upstream:remotename)%00%(upstream:remoteref) refs/heads/master refs/remotes/master [1ms]
2025-02-24 09:54:04.088 [warning] [Git][getBranch] No such branch: master
2025-02-24 09:54:04.094 [info] > git for-each-ref --sort -committerdate --format %(refname) %(objectname) %(*objectname) [1ms]
2025-02-24 09:54:04.104 [info] > git status -z -uall [14ms]
2025-02-24 09:54:09.135 [info] > git config --get commit.template [6ms]
2025-02-24 09:54:09.135 [info] > git for-each-ref --format=%(refname)%00%(upstream:short)%00%(objectname)%00%(upstream:track)%00%(upstream:remotename)%00%(upstream:remoteref) refs/heads/master refs/remotes/master [1ms]
2025-02-24 09:54:09.135 [warning] [Git][getBranch] No such branch: master
2025-02-24 09:54:09.147 [info] > git for-each-ref --sort -committerdate --format %(refname) %(objectname) %(*objectname) [2ms]
2025-02-24 09:54:09.164 [info] > git status -z -uall [24ms]
2025-02-24 09:54:14.208 [info] > git config --get commit.template [5ms]
2025-02-24 09:54:14.209 [info] > git for-each-ref --format=%(refname)%00%(upstream:short)%00%(objectname)%00%(upstream:track)%00%(upstream:remotename)%00%(upstream:remoteref) refs/heads/master refs/remotes/master [2ms]
2025-02-24 09:54:14.209 [warning] [Git][getBranch] No such branch: master
2025-02-24 09:54:14.215 [info] > git for-each-ref --sort -committerdate --format %(refname) %(objectname) %(*objectname) [1ms]
2025-02-24 09:54:14.227 [info] > git status -z -uall [15ms]
2025-02-24 09:54:19.265 [info] > git config --get commit.template [9ms]
2025-02-24 09:54:19.266 [info] > git for-each-ref --format=%(refname)%00%(upstream:short)%00%(objectname)%00%(upstream:track)%00%(upstream:remotename)%00%(upstream:remoteref) refs/heads/master refs/remotes/master [2ms]
2025-02-24 09:54:19.266 [warning] [Git][getBranch] No such branch: master
2025-02-24 09:54:19.273 [info] > git for-each-ref --sort -committerdate --format %(refname) %(objectname) %(*objectname) [1ms]
2025-02-24 09:54:19.286 [info] > git status -z -uall [17ms]
2025-02-24 09:54:27.901 [info] > git config --get commit.template [5ms]
2025-02-24 09:54:27.901 [info] > git for-each-ref --format=%(refname)%00%(upstream:short)%00%(objectname)%00%(upstream:track)%00%(upstream:remotename)%00%(upstream:remoteref) refs/heads/master refs/remotes/master [1ms]
2025-02-24 09:54:27.901 [warning] [Git][getBranch] No such branch: master
2025-02-24 09:54:27.908 [info] > git for-each-ref --sort -committerdate --format %(refname) %(objectname) %(*objectname) [1ms]
2025-02-24 09:54:27.919 [info] > git status -z -uall [15ms]
2025-02-24 09:54:32.950 [info] > git config --get commit.template [5ms]
2025-02-24 09:54:32.950 [info] > git for-each-ref --format=%(refname)%00%(upstream:short)%00%(objectname)%00%(upstream:track)%00%(upstream:remotename)%00%(upstream:remoteref) refs/heads/master refs/remotes/master [1ms]
2025-02-24 09:54:32.950 [warning] [Git][getBranch] No such branch: master
2025-02-24 09:54:32.958 [info] > git for-each-ref --sort -committerdate --format %(refname) %(objectname) %(*objectname) [2ms]
2025-02-24 09:54:32.969 [info] > git status -z -uall [16ms]
2025-02-24 09:54:38.003 [info] > git config --get commit.template [6ms]
2025-02-24 09:54:38.003 [info] > git for-each-ref --format=%(refname)%00%(upstream:short)%00%(objectname)%00%(upstream:track)%00%(upstream:remotename)%00%(upstream:remoteref) refs/heads/master refs/remotes/master [1ms]
2025-02-24 09:54:38.003 [warning] [Git][getBranch] No such branch: master
2025-02-24 09:54:38.010 [info] > git for-each-ref --sort -committerdate --format %(refname) %(objectname) %(*objectname) [1ms]
2025-02-24 09:54:38.024 [info] > git status -z -uall [17ms]
2025-02-24 09:54:43.055 [info] > git config --get commit.template [5ms]
2025-02-24 09:54:43.055 [info] > git for-each-ref --format=%(refname)%00%(upstream:short)%00%(objectname)%00%(upstream:track)%00%(upstream:remotename)%00%(upstream:remoteref) refs/heads/master refs/remotes/master [2ms]
2025-02-24 09:54:43.055 [warning] [Git][getBranch] No such branch: master
2025-02-24 09:54:43.062 [info] > git for-each-ref --sort -committerdate --format %(refname) %(objectname) %(*objectname) [1ms]
2025-02-24 09:54:43.074 [info] > git status -z -uall [16ms]
2025-02-24 09:54:48.104 [info] > git config --get commit.template [5ms]
2025-02-24 09:54:48.105 [info] > git for-each-ref --format=%(refname)%00%(upstream:short)%00%(objectname)%00%(upstream:track)%00%(upstream:remotename)%00%(upstream:remoteref) refs/heads/master refs/remotes/master [1ms]
2025-02-24 09:54:48.105 [warning] [Git][getBranch] No such branch: master
2025-02-24 09:54:48.113 [info] > git for-each-ref --sort -committerdate --format %(refname) %(objectname) %(*objectname) [1ms]
2025-02-24 09:54:48.125 [info] > git status -z -uall [17ms]
2025-02-24 09:54:53.156 [info] > git config --get commit.template [2ms]
2025-02-24 09:54:53.161 [info] > git for-each-ref --format=%(refname)%00%(upstream:short)%00%(objectname)%00%(upstream:track)%00%(upstream:remotename)%00%(upstream:remoteref) refs/heads/master refs/remotes/master [1ms]
2025-02-24 09:54:53.161 [warning] [Git][getBranch] No such branch: master
2025-02-24 09:54:53.170 [info] > git for-each-ref --sort -committerdate --format %(refname) %(objectname) %(*objectname) [2ms]
2025-02-24 09:54:53.186 [info] > git status -z -uall [22ms]
2025-02-24 09:54:58.228 [info] > git config --get commit.template [5ms]
2025-02-24 09:54:58.229 [info] > git for-each-ref --format=%(refname)%00%(upstream:short)%00%(objectname)%00%(upstream:track)%00%(upstream:remotename)%00%(upstream:remoteref) refs/heads/master refs/remotes/master [1ms]
2025-02-24 09:54:58.229 [warning] [Git][getBranch] No such branch: master
2025-02-24 09:54:58.239 [info] > git for-each-ref --sort -committerdate --format %(refname) %(objectname) %(*objectname) [4ms]
2025-02-24 09:54:58.258 [info] > git status -z -uall [26ms]
2025-02-24 09:55:06.869 [info] > git config --get commit.template [6ms]
2025-02-24 09:55:06.869 [info] > git for-each-ref --format=%(refname)%00%(upstream:short)%00%(objectname)%00%(upstream:track)%00%(upstream:remotename)%00%(upstream:remoteref) refs/heads/master refs/remotes/master [1ms]
2025-02-24 09:55:06.869 [warning] [Git][getBranch] No such branch: master
2025-02-24 09:55:06.876 [info] > git for-each-ref --sort -committerdate --format %(refname) %(objectname) %(*objectname) [0ms]
2025-02-24 09:55:06.889 [info] > git status -z -uall [17ms]
2025-02-24 09:55:11.922 [info] > git config --get commit.template [3ms]
2025-02-24 09:55:11.922 [info] > git for-each-ref --format=%(refname)%00%(upstream:short)%00%(objectname)%00%(upstream:track)%00%(upstream:remotename)%00%(upstream:remoteref) refs/heads/master refs/remotes/master [1ms]
2025-02-24 09:55:11.922 [warning] [Git][getBranch] No such branch: master
2025-02-24 09:55:11.930 [info] > git for-each-ref --sort -committerdate --format %(refname) %(objectname) %(*objectname) [1ms]
2025-02-24 09:55:11.942 [info] > git status -z -uall [17ms]
2025-02-24 09:55:16.974 [info] > git config --get commit.template [5ms]
2025-02-24 09:55:16.974 [info] > git for-each-ref --format=%(refname)%00%(upstream:short)%00%(objectname)%00%(upstream:track)%00%(upstream:remotename)%00%(upstream:remoteref) refs/heads/master refs/remotes/master [1ms]
2025-02-24 09:55:16.974 [warning] [Git][getBranch] No such branch: master
2025-02-24 09:55:16.982 [info] > git for-each-ref --sort -committerdate --format %(refname) %(objectname) %(*objectname) [1ms]
2025-02-24 09:55:16.996 [info] > git status -z -uall [19ms]
2025-02-24 09:55:22.030 [info] > git config --get commit.template [5ms]
2025-02-24 09:55:22.031 [info] > git for-each-ref --format=%(refname)%00%(upstream:short)%00%(objectname)%00%(upstream:track)%00%(upstream:remotename)%00%(upstream:remoteref) refs/heads/master refs/remotes/master [1ms]
2025-02-24 09:55:22.031 [warning] [Git][getBranch] No such branch: master
2025-02-24 09:55:22.040 [info] > git for-each-ref --sort -committerdate --format %(refname) %(objectname) %(*objectname) [2ms]
2025-02-24 09:55:22.054 [info] > git status -z -uall [19ms]
2025-02-24 09:55:27.086 [info] > git config --get commit.template [4ms]
2025-02-24 09:55:27.086 [info] > git for-each-ref --format=%(refname)%00%(upstream:short)%00%(objectname)%00%(upstream:track)%00%(upstream:remotename)%00%(upstream:remoteref) refs/heads/master refs/remotes/master [1ms]
2025-02-24 09:55:27.086 [warning] [Git][getBranch] No such branch: master
2025-02-24 09:55:27.094 [info] > git for-each-ref --sort -committerdate --format %(refname) %(objectname) %(*objectname) [1ms]
2025-02-24 09:55:27.107 [info] > git status -z -uall [17ms]
2025-02-24 09:55:32.140 [info] > git config --get commit.template [5ms]
2025-02-24 09:55:32.141 [info] > git for-each-ref --format=%(refname)%00%(upstream:short)%00%(objectname)%00%(upstream:track)%00%(upstream:remotename)%00%(upstream:remoteref) refs/heads/master refs/remotes/master [2ms]
2025-02-24 09:55:32.141 [warning] [Git][getBranch] No such branch: master
2025-02-24 09:55:32.149 [info] > git for-each-ref --sort -committerdate --format %(refname) %(objectname) %(*objectname) [1ms]
2025-02-24 09:55:32.161 [info] > git status -z -uall [16ms]
2025-02-24 09:55:40.778 [info] > git config --get commit.template [3ms]
2025-02-24 09:55:40.778 [info] > git for-each-ref --format=%(refname)%00%(upstream:short)%00%(objectname)%00%(upstream:track)%00%(upstream:remotename)%00%(upstream:remoteref) refs/heads/master refs/remotes/master [1ms]
2025-02-24 09:55:40.778 [warning] [Git][getBranch] No such branch: master
2025-02-24 09:55:40.783 [info] > git for-each-ref --sort -committerdate --format %(refname) %(objectname) %(*objectname) [1ms]
2025-02-24 09:55:40.795 [info] > git status -z -uall [15ms]
2025-02-24 09:55:45.841 [info] > git config --get commit.template [11ms]
2025-02-24 09:55:45.843 [info] > git for-each-ref --format=%(refname)%00%(upstream:short)%00%(objectname)%00%(upstream:track)%00%(upstream:remotename)%00%(upstream:remoteref) refs/heads/master refs/remotes/master [3ms]
2025-02-24 09:55:45.843 [warning] [Git][getBranch] No such branch: master
2025-02-24 09:55:45.854 [info] > git for-each-ref --sort -committerdate --format %(refname) %(objectname) %(*objectname) [2ms]
2025-02-24 09:55:45.873 [info] > git status -z -uall [24ms]
2025-02-24 09:55:59.755 [info] > git config --get commit.template [7ms]
2025-02-24 09:55:59.756 [info] > git for-each-ref --format=%(refname)%00%(upstream:short)%00%(objectname)%00%(upstream:track)%00%(upstream:remotename)%00%(upstream:remoteref) refs/heads/master refs/remotes/master [2ms]
2025-02-24 09:55:59.756 [warning] [Git][getBranch] No such branch: master
2025-02-24 09:55:59.767 [info] > git for-each-ref --sort -committerdate --format %(refname) %(objectname) %(*objectname) [2ms]
2025-02-24 09:55:59.790 [info] > git status -z -uall [30ms]
2025-02-24 09:56:10.799 [info] > git config --get commit.template [7ms]
2025-02-24 09:56:10.800 [info] > git for-each-ref --format=%(refname)%00%(upstream:short)%00%(objectname)%00%(upstream:track)%00%(upstream:remotename)%00%(upstream:remoteref) refs/heads/master refs/remotes/master [1ms]
2025-02-24 09:56:10.800 [warning] [Git][getBranch] No such branch: master
2025-02-24 09:56:10.812 [info] > git for-each-ref --sort -committerdate --format %(refname) %(objectname) %(*objectname) [1ms]
2025-02-24 09:56:10.830 [info] > git status -z -uall [26ms]
2025-02-24 09:56:19.463 [info] > git config --get commit.template [4ms]
2025-02-24 09:56:19.463 [info] > git for-each-ref --format=%(refname)%00%(upstream:short)%00%(objectname)%00%(upstream:track)%00%(upstream:remotename)%00%(upstream:remoteref) refs/heads/master refs/remotes/master [1ms]
2025-02-24 09:56:19.463 [warning] [Git][getBranch] No such branch: master
2025-02-24 09:56:19.471 [info] > git for-each-ref --sort -committerdate --format %(refname) %(objectname) %(*objectname) [1ms]
2025-02-24 09:56:19.487 [info] > git status -z -uall [20ms]
2025-02-24 09:56:24.517 [info] > git config --get commit.template [3ms]
2025-02-24 09:56:24.517 [info] > git for-each-ref --format=%(refname)%00%(upstream:short)%00%(objectname)%00%(upstream:track)%00%(upstream:remotename)%00%(upstream:remoteref) refs/heads/master refs/remotes/master [1ms]
2025-02-24 09:56:24.517 [warning] [Git][getBranch] No such branch: master
2025-02-24 09:56:24.524 [info] > git for-each-ref --sort -committerdate --format %(refname) %(objectname) %(*objectname) [1ms]
2025-02-24 09:56:24.535 [info] > git status -z -uall [14ms]
2025-02-24 09:56:29.566 [info] > git config --get commit.template [4ms]
2025-02-24 09:56:29.566 [info] > git for-each-ref --format=%(refname)%00%(upstream:short)%00%(objectname)%00%(upstream:track)%00%(upstream:remotename)%00%(upstream:remoteref) refs/heads/master refs/remotes/master [0ms]
2025-02-24 09:56:29.566 [warning] [Git][getBranch] No such branch: master
2025-02-24 09:56:29.572 [info] > git for-each-ref --sort -committerdate --format %(refname) %(objectname) %(*objectname) [1ms]
2025-02-24 09:56:29.586 [info] > git status -z -uall [17ms]
2025-02-24 09:56:34.620 [info] > git config --get commit.template [3ms]
2025-02-24 09:56:34.620 [info] > git for-each-ref --format=%(refname)%00%(upstream:short)%00%(objectname)%00%(upstream:track)%00%(upstream:remotename)%00%(upstream:remoteref) refs/heads/master refs/remotes/master [1ms]
2025-02-24 09:56:34.620 [warning] [Git][getBranch] No such branch: master
2025-02-24 09:56:34.626 [info] > git for-each-ref --sort -committerdate --format %(refname) %(objectname) %(*objectname) [1ms]
2025-02-24 09:56:34.639 [info] > git status -z -uall [17ms]
2025-02-24 09:56:39.678 [info] > git config --get commit.template [4ms]
2025-02-24 09:56:39.679 [info] > git for-each-ref --format=%(refname)%00%(upstream:short)%00%(objectname)%00%(upstream:track)%00%(upstream:remotename)%00%(upstream:remoteref) refs/heads/master refs/remotes/master [1ms]
2025-02-24 09:56:39.679 [warning] [Git][getBranch] No such branch: master
2025-02-24 09:56:39.687 [info] > git for-each-ref --sort -committerdate --format %(refname) %(objectname) %(*objectname) [2ms]
2025-02-24 09:56:39.699 [info] > git status -z -uall [17ms]
2025-02-24 10:03:12.939 [info] > git config --get commit.template [3ms]
2025-02-24 10:03:12.939 [info] > git for-each-ref --format=%(refname)%00%(upstream:short)%00%(objectname)%00%(upstream:track)%00%(upstream:remotename)%00%(upstream:remoteref) refs/heads/master refs/remotes/master [1ms]
2025-02-24 10:03:12.939 [warning] [Git][getBranch] No such branch: master
2025-02-24 10:03:12.947 [info] > git for-each-ref --sort -committerdate --format %(refname) %(objectname) %(*objectname) [1ms]
2025-02-24 10:03:12.961 [info] > git status -z -uall [19ms]
2025-02-24 10:03:17.992 [info] > git config --get commit.template [2ms]
2025-02-24 10:03:17.996 [info] > git for-each-ref --format=%(refname)%00%(upstream:short)%00%(objectname)%00%(upstream:track)%00%(upstream:remotename)%00%(upstream:remoteref) refs/heads/master refs/remotes/master [1ms]
2025-02-24 10:03:17.996 [warning] [Git][getBranch] No such branch: master
2025-02-24 10:03:18.003 [info] > git for-each-ref --sort -committerdate --format %(refname) %(objectname) %(*objectname) [1ms]
2025-02-24 10:03:18.014 [info] > git status -z -uall [15ms]
2025-02-24 10:03:26.629 [info] > git config --get commit.template [6ms]
2025-02-24 10:03:26.629 [info] > git for-each-ref --format=%(refname)%00%(upstream:short)%00%(objectname)%00%(upstream:track)%00%(upstream:remotename)%00%(upstream:remoteref) refs/heads/master refs/remotes/master [2ms]
2025-02-24 10:03:26.629 [warning] [Git][getBranch] No such branch: master
2025-02-24 10:03:26.640 [info] > git for-each-ref --sort -committerdate --format %(refname) %(objectname) %(*objectname) [2ms]
2025-02-24 10:03:26.655 [info] > git status -z -uall [21ms]
2025-02-24 10:03:31.693 [info] > git config --get commit.template [6ms]
2025-02-24 10:03:31.694 [info] > git for-each-ref --format=%(refname)%00%(upstream:short)%00%(objectname)%00%(upstream:track)%00%(upstream:remotename)%00%(upstream:remoteref) refs/heads/master refs/remotes/master [2ms]
2025-02-24 10:03:31.694 [warning] [Git][getBranch] No such branch: master
2025-02-24 10:03:31.701 [info] > git for-each-ref --sort -committerdate --format %(refname) %(objectname) %(*objectname) [1ms]
2025-02-24 10:03:31.712 [info] > git status -z -uall [15ms]
2025-02-24 10:03:36.745 [info] > git config --get commit.template [6ms]
2025-02-24 10:03:36.746 [info] > git for-each-ref --format=%(refname)%00%(upstream:short)%00%(objectname)%00%(upstream:track)%00%(upstream:remotename)%00%(upstream:remoteref) refs/heads/master refs/remotes/master [2ms]
2025-02-24 10:03:36.746 [warning] [Git][getBranch] No such branch: master
2025-02-24 10:03:36.754 [info] > git for-each-ref --sort -committerdate --format %(refname) %(objectname) %(*objectname) [2ms]
2025-02-24 10:03:36.766 [info] > git status -z -uall [17ms]
2025-02-24 10:03:41.804 [info] > git config --get commit.template [8ms]
2025-02-24 10:03:41.805 [info] > git for-each-ref --format=%(refname)%00%(upstream:short)%00%(objectname)%00%(upstream:track)%00%(upstream:remotename)%00%(upstream:remoteref) refs/heads/master refs/remotes/master [2ms]
2025-02-24 10:03:41.805 [warning] [Git][getBranch] No such branch: master
2025-02-24 10:03:41.813 [info] > git for-each-ref --sort -committerdate --format %(refname) %(objectname) %(*objectname) [1ms]
2025-02-24 10:03:41.828 [info] > git status -z -uall [19ms]
2025-02-24 10:04:49.344 [info] > git config --get commit.template [1ms]
2025-02-24 10:04:49.347 [info] > git for-each-ref --format=%(refname)%00%(upstream:short)%00%(objectname)%00%(upstream:track)%00%(upstream:remotename)%00%(upstream:remoteref) refs/heads/master refs/remotes/master [1ms]
2025-02-24 10:04:49.347 [warning] [Git][getBranch] No such branch: master
2025-02-24 10:04:49.355 [info] > git for-each-ref --sort -committerdate --format %(refname) %(objectname) %(*objectname) [0ms]
2025-02-24 10:04:49.366 [info] > git status -z -uall [16ms]
2025-02-24 10:04:54.418 [info] > git config --get commit.template [10ms]
2025-02-24 10:04:54.418 [info] > git for-each-ref --format=%(refname)%00%(upstream:short)%00%(objectname)%00%(upstream:track)%00%(upstream:remotename)%00%(upstream:remoteref) refs/heads/master refs/remotes/master [2ms]
2025-02-24 10:04:54.418 [warning] [Git][getBranch] No such branch: master
2025-02-24 10:04:54.430 [info] > git for-each-ref --sort -committerdate --format %(refname) %(objectname) %(*objectname) [1ms]
2025-02-24 10:04:54.447 [info] > git status -z -uall [22ms]
2025-02-24 10:04:59.476 [info] > git config --get commit.template [4ms]
2025-02-24 10:04:59.476 [info] > git for-each-ref --format=%(refname)%00%(upstream:short)%00%(objectname)%00%(upstream:track)%00%(upstream:remotename)%00%(upstream:remoteref) refs/heads/master refs/remotes/master [1ms]
2025-02-24 10:04:59.476 [warning] [Git][getBranch] No such branch: master
2025-02-24 10:04:59.482 [info] > git for-each-ref --sort -committerdate --format %(refname) %(objectname) %(*objectname) [1ms]
2025-02-24 10:04:59.494 [info] > git status -z -uall [14ms]
2025-02-24 10:06:02.524 [info] > git config --get commit.template [6ms]
2025-02-24 10:06:02.525 [info] > git for-each-ref --format=%(refname)%00%(upstream:short)%00%(objectname)%00%(upstream:track)%00%(upstream:remotename)%00%(upstream:remoteref) refs/heads/master refs/remotes/master [2ms]
2025-02-24 10:06:02.525 [warning] [Git][getBranch] No such branch: master
2025-02-24 10:06:02.536 [info] > git for-each-ref --sort -committerdate --format %(refname) %(objectname) %(*objectname) [2ms]
2025-02-24 10:06:02.549 [info] > git status -z -uall [19ms]
2025-02-24 10:06:07.581 [info] > git config --get commit.template [2ms]
2025-02-24 10:06:07.581 [info] > git for-each-ref --format=%(refname)%00%(upstream:short)%00%(objectname)%00%(upstream:track)%00%(upstream:remotename)%00%(upstream:remoteref) refs/heads/master refs/remotes/master [0ms]
2025-02-24 10:06:07.582 [warning] [Git][getBranch] No such branch: master
2025-02-24 10:06:07.586 [info] > git for-each-ref --sort -committerdate --format %(refname) %(objectname) %(*objectname) [0ms]
2025-02-24 10:06:07.597 [info] > git status -z -uall [13ms]
2025-02-24 10:06:12.639 [info] > git config --get commit.template [9ms]
2025-02-24 10:06:12.641 [info] > git for-each-ref --format=%(refname)%00%(upstream:short)%00%(objectname)%00%(upstream:track)%00%(upstream:remotename)%00%(upstream:remoteref) refs/heads/master refs/remotes/master [3ms]
2025-02-24 10:06:12.641 [warning] [Git][getBranch] No such branch: master
2025-02-24 10:06:12.651 [info] > git for-each-ref --sort -committerdate --format %(refname) %(objectname) %(*objectname) [1ms]
2025-02-24 10:06:12.664 [info] > git status -z -uall [19ms]
