0 verbose cli /home/yusufmim/.nvm/versions/node/v22.13.1/bin/node /home/yusufmim/.nvm/versions/node/v22.13.1/bin/npm
1 info using npm@10.9.2
2 info using node@v22.13.1
3 silly config load:file:/home/yusufmim/.nvm/versions/node/v22.13.1/lib/node_modules/npm/npmrc
4 silly config load:file:/home/yusufmim/.npmrc
5 silly config load:file:/home/yusufmim/.nvm/versions/node/v22.13.1/etc/npmrc
6 verbose title npm test
7 verbose argv "test"
8 verbose logfile logs-max:10 dir:/home/yusufmim/.npm/_logs/2025-02-21T06_51_36_651Z-
9 verbose logfile /home/yusufmim/.npm/_logs/2025-02-21T06_51_36_651Z-debug-0.log
10 silly logfile done cleaning log files
11 verbose stack Error: Could not read package.json: Error: ENOENT: no such file or directory, open '/home/yusufmim/package.json'
11 verbose stack     at async open (node:internal/fs/promises:638:25)
11 verbose stack     at async readFile (node:internal/fs/promises:1242:14)
11 verbose stack     at async read (/home/yusufmim/.nvm/versions/node/v22.13.1/lib/node_modules/npm/node_modules/@npmcli/package-json/lib/read-package.js:9:18)
11 verbose stack     at async PackageJson.load (/home/yusufmim/.nvm/versions/node/v22.13.1/lib/node_modules/npm/node_modules/@npmcli/package-json/lib/index.js:131:31)
11 verbose stack     at async PackageJson.normalize (/home/yusufmim/.nvm/versions/node/v22.13.1/lib/node_modules/npm/node_modules/@npmcli/package-json/lib/index.js:117:5)
11 verbose stack     at async #run (/home/yusufmim/.nvm/versions/node/v22.13.1/lib/node_modules/npm/lib/commands/run-script.js:86:13)
11 verbose stack     at async RunScript.exec (/home/yusufmim/.nvm/versions/node/v22.13.1/lib/node_modules/npm/lib/commands/run-script.js:40:7)
11 verbose stack     at async Npm.exec (/home/yusufmim/.nvm/versions/node/v22.13.1/lib/node_modules/npm/lib/npm.js:207:9)
11 verbose stack     at async module.exports (/home/yusufmim/.nvm/versions/node/v22.13.1/lib/node_modules/npm/lib/cli/entry.js:74:5)
12 error code ENOENT
13 error syscall open
14 error path /home/yusufmim/package.json
15 error errno -2
16 error enoent Could not read package.json: Error: ENOENT: no such file or directory, open '/home/yusufmim/package.json'
17 error enoent This is related to npm not being able to find a file.
17 error enoent
18 verbose cwd /home/yusufmim
19 verbose os Linux 5.15.167.4-microsoft-standard-WSL2
20 verbose node v22.13.1
21 verbose npm  v10.9.2
22 verbose exit -2
23 verbose code -2
24 error A complete log of this run can be found in: /home/yusufmim/.npm/_logs/2025-02-21T06_51_36_651Z-debug-0.log
