0 verbose cli /home/yusufmim/.nvm/versions/node/v22.13.1/bin/node /home/yusufmim/.nvm/versions/node/v22.13.1/bin/npm
1 info using npm@10.9.2
2 info using node@v22.13.1
3 silly config load:file:/home/yusufmim/.nvm/versions/node/v22.13.1/lib/node_modules/npm/npmrc
4 silly config load:file:/home/yusufmim/.cache/typescript/5.7/.npmrc
5 silly config load:file:/home/yusufmim/.npmrc
6 silly config load:file:/home/yusufmim/.nvm/versions/node/v22.13.1/etc/npmrc
7 verbose title npm install types-registry@latest
8 verbose argv "install" "--ignore-scripts" "types-registry@latest"
9 verbose logfile logs-max:10 dir:/home/yusufmim/.npm/_logs/2025-02-24T06_39_05_002Z-
10 verbose logfile /home/yusufmim/.npm/_logs/2025-02-24T06_39_05_002Z-debug-0.log
11 silly logfile done cleaning log files
12 silly packumentCache heap:2197815296 maxSize:549453824 maxEntrySize:274726912
13 silly packumentCache corgi:https://registry.npmjs.org/types-registry cache-miss
14 http fetch GET 200 https://registry.npmjs.org/types-registry 415ms (cache miss)
15 silly packumentCache corgi:https://registry.npmjs.org/types-registry set size:undefined disposed:false
16 silly idealTree buildDeps
17 silly fetch manifest types-registry@0.1.709
18 silly packumentCache full:https://registry.npmjs.org/types-registry cache-miss
19 http fetch GET 200 https://registry.npmjs.org/types-registry 190ms (cache miss)
20 silly packumentCache full:https://registry.npmjs.org/types-registry set size:undefined disposed:false
21 silly placeDep ROOT types-registry@0.1.709 OK for:  want: 0.1.709
22 silly reify moves {}
23 silly audit bulk request { 'types-registry': [ '0.1.709' ] }
24 http cache types-registry@https://registry.npmjs.org/types-registry/-/types-registry-0.1.709.tgz 0ms (cache hit)
25 silly tarball no local data for types-registry@https://registry.npmjs.org/types-registry/-/types-registry-0.1.709.tgz. Extracting by manifest.
26 http fetch POST 200 https://registry.npmjs.org/-/npm/v1/security/advisories/bulk 314ms
27 silly audit report {}
28 http fetch GET 200 https://registry.npmjs.org/types-registry/-/types-registry-0.1.709.tgz 473ms (cache miss)
29 silly ADD node_modules/types-registry
30 verbose cwd /home/yusufmim/.cache/typescript/5.7
31 verbose os Linux 5.15.167.4-microsoft-standard-WSL2
32 verbose node v22.13.1
33 verbose npm  v10.9.2
34 verbose exit 0
35 info ok
