0 verbose cli /home/yusufmim/.nvm/versions/node/v22.13.1/bin/node /home/yusufmim/.nvm/versions/node/v22.13.1/bin/npm
1 info using npm@10.9.2
2 info using node@v22.13.1
3 silly config load:file:/home/yusufmim/.nvm/versions/node/v22.13.1/lib/node_modules/npm/npmrc
4 silly config load:file:/home/yusufmim/.npmrc
5 silly config load:file:/home/yusufmim/.nvm/versions/node/v22.13.1/etc/npmrc
6 verbose title npm install
7 verbose argv "install"
8 verbose logfile logs-max:10 dir:/home/yusufmim/.npm/_logs/2025-02-24T07_23_51_357Z-
9 verbose logfile /home/yusufmim/.npm/_logs/2025-02-24T07_23_51_357Z-debug-0.log
10 silly logfile start cleaning logs, removing 1 files
11 silly packumentCache heap:2197815296 maxSize:549453824 maxEntrySize:274726912
12 silly idealTree buildDeps
13 silly reify moves {}
14 verbose stack Error: Could not read package.json: Error: ENOENT: no such file or directory, open '/home/yusufmim/package.json'
14 verbose stack     at async open (node:internal/fs/promises:638:25)
14 verbose stack     at async readFile (node:internal/fs/promises:1242:14)
14 verbose stack     at async read (/home/yusufmim/.nvm/versions/node/v22.13.1/lib/node_modules/npm/node_modules/@npmcli/package-json/lib/read-package.js:9:18)
14 verbose stack     at async PackageJson.load (/home/yusufmim/.nvm/versions/node/v22.13.1/lib/node_modules/npm/node_modules/@npmcli/package-json/lib/index.js:131:31)
14 verbose stack     at async PackageJson.normalize (/home/yusufmim/.nvm/versions/node/v22.13.1/lib/node_modules/npm/node_modules/@npmcli/package-json/lib/index.js:117:5)
14 verbose stack     at async runScript (/home/yusufmim/.nvm/versions/node/v22.13.1/lib/node_modules/npm/node_modules/@npmcli/run-script/lib/run-script.js:11:28)
14 verbose stack     at async Install.exec (/home/yusufmim/.nvm/versions/node/v22.13.1/lib/node_modules/npm/lib/commands/install.js:163:9)
14 verbose stack     at async Npm.exec (/home/yusufmim/.nvm/versions/node/v22.13.1/lib/node_modules/npm/lib/npm.js:207:9)
14 verbose stack     at async module.exports (/home/yusufmim/.nvm/versions/node/v22.13.1/lib/node_modules/npm/lib/cli/entry.js:74:5)
15 error code ENOENT
16 error syscall open
17 error path /home/yusufmim/package.json
18 error errno -2
19 error enoent Could not read package.json: Error: ENOENT: no such file or directory, open '/home/yusufmim/package.json'
20 error enoent This is related to npm not being able to find a file.
20 error enoent
21 verbose cwd /home/yusufmim
22 verbose os Linux 5.15.167.4-microsoft-standard-WSL2
23 verbose node v22.13.1
24 verbose npm  v10.9.2
25 verbose exit -2
26 verbose code -2
27 error A complete log of this run can be found in: /home/yusufmim/.npm/_logs/2025-02-24T07_23_51_357Z-debug-0.log
